200
Traceback (most recent call last):
  File "get_pmid.py", line 71, in <module>
    job_has_pmid.append(int(line))
ValueError: invalid literal for int() with base 10: '<?xml version="1.0" encoding="UTF-8" ?>'
200
Traceback (most recent call last):
  File "get_pmid.py", line 71, in <module>
    job_has_pmid.append(int(line))
ValueError: invalid literal for int() with base 10: '<?xml version="1.0" encoding="UTF-8" ?>'
200
Traceback (most recent call last):
  File "get_pmid.py", line 71, in <module>
    job_has_pmid.append(int(line))
ValueError: invalid literal for int() with base 10: '<?xml version="1.0" encoding="UTF-8" ?>'
200
Traceback (most recent call last):
  File "get_pmid.py", line 71, in <module>
    job_has_pmid.append(int(line))
ValueError: invalid literal for int() with base 10: '<?xml version="1.0" encoding="UTF-8" ?>'
200
Traceback (most recent call last):
  File "get_pmid.py", line 71, in <module>
    job_has_pmid.append(int(line))
ValueError: invalid literal for int() with base 10: '<?xml version="1.0" encoding="UTF-8" ?>'
200
200
200
200
200
200
200
34573
7
200
200
200
200
200
200
200
200
200
200
200
200
200
200
200
200
200
200
200
200
200
102976
21
200
200
200
200
200
200
200
200
200
200
200
200
200
200
200
200
200
200
200
200
99667
20
200
200
200
200
200
200
200
200
200
200
200
200
200
200
200
200
200
200
200
200
95959
20
200
200
200
200
200
200
200
200
200
200
200
200
200
200
200
200
200
83021
17
200
200
200
200
200
200
200
200
200
200
200
200
200
200
200
200
200
200
89760
18
200
200
200
200
200
200
200
200
200
200
200
200
200
200
200
200
200
200
200
94083
19
200
200
200
200
200
200
200
200
200
200
200
200
200
200
200
200
200
200
89739
18
200
200
200
200
200
200
200
200
200
200
200
200
200
200
200
200
200
82979
17
200
200
200
200
200
200
200
200
200
200
200
200
200
200
200
200
200
200
200
91620
19
200
200
200
200
200
200
200
200
200
200
200
200
200
200
200
200
200
200
200
93348
19
200
200
200
200
200
200
200
200
200
200
200
200
200
200
200
200
200
200
200
200
95921
20
200
200
200
200
200
200
200
200
200
200
200
200
200
200
200
200
200
200
200
92995
19
200
200
200
200
200
200
200
200
200
200
200
200
200
200
200
200
200
200
200
90695
19
200
200
200
200
200
200
200
200
200
200
200
200
200
200
200
200
200
200
200
200
200
101022
21
200
200
200
200
200
200
200
200
200
200
200
200
200
200
200
200
200
200
200
200
95320
20
200
200
200
200
200
200
200
200
200
200
200
200
200
200
200
200
200
200
200
93764
19
200
200
200
200
200
200
200
200
200
200
200
200
200
200
200
200
200
200
200
93819
19
200
200
200
200
200
200
200
200
200
200
200
200
200
200
200
200
200
200
200
92814
19
200
200
200
200
200
200
200
200
200
200
200
200
200
200
200
200
200
200
200
94603
19
200
200
200
200
200
200
200
200
200
200
200
200
200
200
200
200
200
200
200
93878
19
200
200
200
200
200
200
200
200
200
200
200
200
200
200
200
200
200
200
200
90674
19
200
200
200
200
200
200
200
200
200
200
200
200
200
200
200
200
200
200
200
200
95774
20
200
200
200
200
200
200
200
200
200
200
200
200
200
200
200
200
200
200
200
200
97320
20
200
200
200
200
200
200
200
200
200
200
200
200
200
200
200
200
200
200
200
200
95557
20
200
200
200
200
200
200
200
200
200
200
200
200
200
200
200
200
200
200
200
200
200
200
200
200
116265
24
200
200
200
200
200
200
200
200
200
200
200
200
200
200
200
200
200
200
200
92581
19
200
200
200
200
200
200
200
200
200
200
200
200
200
200
200
200
200
200
200
200
95633
20
200
200
200
200
200
200
200
200
200
200
200
200
200
200
200
200
200
200
200
200
200
100636
21
request failed, retry after 5 seconds
200
200
200
200
200
200
200
200
200
200
200
200
200
200
200
200
200
200
200
200
200
200
200
110294
23
200
200
200
200
200
200
200
200
200
200
200
200
200
200
200
200
200
200
200
94488
19
200
200
200
200
200
200
200
200
200
200
200
200
200
200
200
200
200
200
200
93518
19
200
200
200
200
200
200
200
200
200
200
200
200
200
200
200
200
200
200
200
200
97640
20
200
200
200
200
200
200
200
200
200
200
200
200
200
200
200
200
200
200
200
200
200
101377
21
request failed, retry after 5 seconds
200
200
200
200
200
200
200
200
200
200
200
200
200
200
200
200
200
200
200
200
97152
20
200
200
200
200
200
200
200
200
200
200
200
200
200
200
200
71963
15
200
200
200
200
200
200
200
200
200
200
200
200
200
200
200
200
76967
16
200
200
200
200
200
200
200
200
200
200
200
200
200
200
200
73355
15
200
200
200
200
200
200
200
200
200
200
200
200
200
200
200
200
75105
16
200
200
200
200
200
200
200
200
200
200
200
200
200
200
200
73065
15
200
200
200
200
200
200
200
200
200
200
200
200
200
200
200
71199
15
200
200
200
200
200
200
200
200
200
200
200
200
200
200
200
200
78962
16
200
200
200
200
200
200
200
200
200
200
200
200
200
200
200
200
78285
16
200
200
200
200
200
200
200
200
200
200
200
200
200
200
200
74702
15
200
200
200
200
200
200
200
200
200
200
200
200
200
200
200
200
200
83970
17
200
200
200
200
200
200
200
200
200
200
200
200
200
200
200
200
78840
16
200
200
200
200
200
200
200
200
200
200
200
200
200
200
200
200
78940
16
200
200
200
200
200
200
200
200
200
200
200
200
200
200
200
74669
15
200
200
200
200
200
200
200
200
200
200
200
200
200
200
200
200
79318
16
200
200
200
200
200
200
200
200
200
200
200
200
200
200
200
200
78757
16
200
200
200
200
200
200
200
200
200
200
200
200
200
200
200
200
200
84231
17
200
200
200
200
200
200
200
200
200
200
200
200
200
200
200
200
78159
16
200
200
200
200
200
200
200
200
200
200
200
200
200
200
200
200
200
80788
17
200
200
200
200
200
200
200
200
200
200
200
200
200
200
200
200
200
200
200
90726
19
200
200
200
200
200
200
200
200
200
200
200
200
200
200
200
200
200
83656
17
200
200
200
200
200
200
200
200
200
200
200
200
200
200
200
200
200
81734
17
200
200
200
200
200
200
200
200
200
200
200
200
200
200
200
200
200
82949
17
200
200
200
200
200
200
200
200
200
200
200
200
200
200
200
200
200
83347
17
200
200
200
200
200
200
200
200
200
200
200
200
200
200
200
200
200
200
85099
18
200
200
200
200
200
200
200
200
200
200
200
200
200
200
200
200
200
84199
17
200
200
200
200
200
200
200
200
200
200
200
200
200
200
200
200
200
200
200
91679
19
200
200
200
200
200
200
200
200
200
200
200
200
200
200
200
200
76913
16
200
200
200
200
200
200
200
200
200
200
200
200
200
200
200
200
200
200
87308
18
200
200
200
200
200
200
200
200
200
200
200
200
200
200
200
200
200
200
86989
18
200
200
200
200
200
200
200
200
200
200
200
200
200
200
200
200
200
200
87529
18
200
200
200
200
200
200
200
200
200
200
200
200
200
200
200
200
200
200
200
90098
19
200
200
200
200
200
200
200
200
200
200
200
200
200
200
200
200
200
84737
17
200
200
200
200
200
200
200
200
200
200
200
200
200
200
200
200
200
200
200
90980
19
200
200
200
200
200
200
200
200
200
200
200
200
200
200
200
200
200
200
85941
18
200
200
200
200
200
200
200
200
200
200
200
200
200
200
200
200
200
200
89096
18
200
200
200
200
200
200
200
200
200
200
200
200
200
200
200
200
200
200
200
94147
19
200
200
200
200
200
200
200
200
200
200
200
200
200
200
200
200
200
200
200
92062
19
200
200
200
200
200
200
200
200
200
200
200
200
200
200
200
200
200
200
85884
18
request failed, retry after 5 seconds
200
200
200
200
200
200
200
200
200
200
200
200
200
200
200
200
200
200
200
200
200
200
107600
22
200
200
200
200
200
200
200
200
200
200
200
200
200
200
200
200
200
200
200
200
200
200
200
110156
23
200
200
200
200
200
200
200
200
200
200
200
200
55072
12
200
200
200
200
200
200
200
200
200
200
200
200
200
60960
13
200
200
200
200
200
200
200
200
200
200
200
200
200
60781
13
200
200
200
200
200
200
200
200
200
200
200
200
200
62275
13
200
200
200
200
200
200
200
200
200
200
200
200
200
60793
13
200
200
200
200
200
200
200
200
200
200
200
200
200
61287
13
200
200
200
200
200
200
200
200
200
200
200
200
200
62940
13
200
200
200
200
200
200
200
200
200
200
200
200
200
60367
13
200
200
200
200
200
200
200
200
200
200
200
200
200
60767
13
200
200
200
200
200
200
200
200
200
200
200
200
200
63444
13
200
200
200
200
200
200
200
200
200
200
200
200
200
200
66268
14
200
200
200
200
200
200
200
200
200
200
200
200
200
200
68381
14
200
200
200
200
200
200
200
200
200
200
200
200
200
200
66275
14
200
200
200
200
200
200
200
200
200
200
200
200
200
200
67324
14
200
200
200
200
200
200
200
200
200
200
200
200
200
200
200
70936
15
200
200
200
200
200
200
200
200
200
200
200
200
200
200
65874
14
200
200
200
200
200
200
200
200
200
200
200
200
200
64801
13
200
200
200
200
200
200
200
200
200
200
200
200
200
200
68986
14
200
200
200
200
200
200
200
200
200
200
200
200
200
200
200
72067
15
200
200
200
200
200
200
200
200
200
200
200
200
200
200
200
74697
15
200
200
200
200
200
200
200
200
200
200
200
200
200
200
68378
14
200
200
200
200
200
200
200
200
200
200
200
200
200
200
69989
14
200
200
200
200
200
200
200
200
200
200
200
200
200
200
200
72351
15
200
200
200
200
200
200
200
200
200
200
200
200
200
200
200
200
75641
16
200
200
200
200
200
200
200
200
200
200
200
200
200
200
200
70302
15
200
200
200
200
200
200
200
200
200
200
200
200
200
200
200
72977
15
200
200
200
200
200
200
200
200
200
200
200
200
200
200
200
73871
15
200
200
200
200
200
200
200
200
200
200
200
200
200
200
67989
14
200
200
200
200
200
200
200
200
200
200
200
200
200
200
200
200
75961
16
200
200
200
200
200
200
200
200
200
200
200
200
200
200
200
71427
15
200
200
200
200
200
200
200
200
200
200
200
200
200
200
200
200
200
82292
17
200
200
200
200
200
200
200
200
200
200
200
200
200
200
200
200
77788
16
200
200
200
200
200
200
200
200
200
200
200
200
200
200
200
200
200
200
200
94119
19
200
200
200
200
200
200
200
200
200
200
200
200
200
200
200
72354
15
200
200
200
200
200
200
200
200
200
200
200
200
200
200
200
200
75203
16
200
200
200
200
200
200
200
200
200
200
200
200
200
200
200
200
79315
16
200
200
200
200
200
200
200
200
200
200
200
200
200
200
200
200
200
200
86304
18
200
200
200
200
200
200
200
200
200
200
200
200
200
200
200
200
200
200
200
200
200
200
200
200
200
200
125652
26
200
200
200
200
200
200
200
200
200
200
200
200
200
200
200
200
200
200
200
200
200
200
200
200
200
200
127916
26
200
200
200
200
200
200
200
200
200
200
200
200
200
200
200
200
200
200
200
200
200
200
200
200
200
200
200
200
200
200
200
200
158449
32
200
200
200
200
200
200
200
200
200
44786
9
200
200
200
200
200
200
200
200
200
200
46715
10
200
200
200
200
200
200
200
200
200
200
48564
10
200
200
200
200
200
200
200
200
200
200
200
53391
11
200
200
200
200
200
200
200
200
200
200
200
54677
11
200
200
200
200
200
200
200
200
200
200
200
50112
11
200
200
200
200
200
200
200
200
200
200
200
54460
11
200
200
200
200
200
200
200
200
200
200
200
54955
11
200
200
200
200
200
200
200
200
200
200
200
200
58383
12
200
200
200
200
200
200
200
200
200
200
200
53967
11
200
200
200
200
200
200
200
200
200
200
200
200
59813
12
200
200
200
200
200
200
200
200
200
200
200
200
58392
12
200
200
200
200
200
200
200
200
200
200
200
200
55141
12
200
200
200
200
200
200
200
200
200
200
200
200
56001
12
200
200
200
200
200
200
200
200
200
200
200
200
55587
12
200
200
200
200
200
200
200
200
200
200
200
200
57906
12
200
200
200
200
200
200
200
200
200
200
200
200
56356
12
200
200
200
200
200
200
200
200
200
200
200
200
58583
12
200
200
200
200
200
200
200
200
200
200
200
200
58621
12
200
200
200
200
200
200
200
200
200
200
200
200
59388
12
200
200
200
200
200
200
200
200
200
200
200
200
200
62625
13
200
200
200
200
200
200
200
200
200
200
200
200
59385
12
200
200
200
200
200
200
200
200
200
200
200
200
59842
12
200
200
200
200
200
200
200
200
200
200
200
200
200
61201
13
200
200
200
200
200
200
200
200
200
200
200
200
59265
12
200
200
200
200
200
200
200
200
200
200
200
200
55585
12
200
200
200
200
200
200
200
200
200
200
200
200
59215
12
200
200
200
200
200
200
200
200
200
200
200
200
57275
12
200
200
200
200
200
200
200
200
200
200
200
200
200
62776
13
200
200
200
200
200
200
200
200
200
200
200
200
58389
12
200
200
200
200
200
200
200
200
200
200
200
200
200
60068
13
200
200
200
200
200
200
200
200
200
200
200
200
200
60848
13
200
200
200
200
200
200
200
200
200
200
200
200
57568
12
200
200
200
200
200
200
200
200
200
200
200
200
59922
12
200
200
200
200
200
200
200
200
200
200
200
200
200
62811
13
200
200
200
200
200
200
200
200
200
200
200
200
200
61608
13
200
200
200
200
200
200
200
200
200
200
200
200
200
62992
13
200
200
200
200
200
200
200
200
200
200
200
200
200
63125
13
200
200
200
200
200
200
200
200
200
200
200
200
200
63765
13
200
200
200
200
200
200
200
200
200
200
200
200
200
200
65202
14
200
200
200
200
200
23751
5
200
200
200
200
200
200
200
200
200
43660
9
200
200
200
200
200
200
200
200
200
200
47561
10
200
200
200
200
200
200
200
200
200
43584
9
200
200
200
200
200
200
200
200
200
200
45233
10
200
200
200
200
200
200
200
200
200
200
45200
10
200
200
200
200
200
200
200
200
200
200
45781
10
200
200
200
200
200
200
200
200
200
200
46703
10
200
200
200
200
200
200
200
200
200
200
49250
10
200
200
200
200
200
200
200
200
200
200
46538
10
200
200
200
200
200
200
200
200
200
44956
9
200
200
200
200
200
200
200
200
200
200
47395
10
200
200
200
200
200
200
200
200
200
200
47796
10
200
200
200
200
200
200
200
200
200
200
200
50410
11
200
200
200
200
200
200
200
200
200
200
48044
10
200
200
200
200
200
200
200
200
200
200
45639
10
200
200
200
200
200
200
200
200
200
200
49723
10
200
200
200
200
200
200
200
200
200
200
200
51095
11
200
200
200
200
200
200
200
200
200
200
48551
10
200
200
200
200
200
200
200
200
200
200
47342
10
200
200
200
200
200
200
200
200
200
200
46676
10
200
200
200
200
200
200
200
200
200
200
200
50062
11
200
200
200
200
200
200
200
200
200
200
200
51360
11
200
200
200
200
200
200
200
200
200
200
200
51021
11
200
200
200
200
200
200
200
200
200
200
200
50333
11
200
200
200
200
200
200
200
200
200
200
200
51088
11
200
200
200
200
200
200
200
200
200
200
200
54527
11
200
200
200
200
200
200
200
200
200
200
49659
10
200
200
200
200
200
200
200
200
200
200
200
53214
11
200
200
200
200
200
200
200
200
200
200
200
51876
11
200
200
200
200
200
200
200
200
200
200
200
52292
11
200
200
200
200
200
200
200
200
200
200
200
52082
11
200
200
200
200
200
200
200
200
200
200
200
52922
11
200
200
200
200
200
200
200
200
200
200
200
52289
11
200
200
200
200
200
200
200
200
200
200
200
54874
11
200
200
200
200
200
200
200
200
200
200
200
200
55366
12
200
200
200
200
200
200
200
200
200
200
200
200
200
62331
13
200
200
200
200
200
200
200
200
200
200
200
54501
11
200
200
200
200
200
200
200
200
200
200
200
200
58431
12
200
200
200
200
200
200
200
200
200
200
200
200
200
200
200
71182
15
200
200
200
200
200
200
200
32512
7
200
200
200
200
200
200
200
200
39650
8
200
200
200
200
200
200
200
200
37271
8
200
200
200
200
200
200
200
200
200
41594
9
200
200
200
200
200
200
200
200
200
200
48879
10
200
200
200
200
200
200
200
32521
7
200
200
200
200
200
200
200
200
36756
8
200
200
200
200
200
200
29803
6
200
200
200
200
200
200
200
200
200
200
46129
10
200
200
200
200
200
200
200
200
200
200
200
50818
11
200
200
200
200
200
200
200
200
200
200
47619
10
200
200
200
200
200
200
200
200
200
42485
9
200
200
200
200
200
200
200
200
37247
8
200
200
200
200
200
200
200
200
200
40125
9
200
200
200
200
200
200
200
200
38289
8
200
200
200
200
200
200
200
34534
7
200
200
200
200
200
200
200
200
38140
8
200
200
200
200
200
200
200
200
38848
8
200
200
200
200
200
200
200
200
39168
8
200
200
200
200
200
200
200
200
36496
8
200
200
200
200
200
200
200
200
200
41806
9
200
200
200
200
200
200
27611
6
200
200
200
200
200
200
200
200
39732
8
200
200
200
200
200
200
200
200
200
40448
9
200
200
200
200
200
200
200
200
200
44157
9
200
200
200
200
200
200
200
200
200
42394
9
200
200
200
200
200
200
200
200
36409
8
200
200
200
200
200
200
200
200
39701
8
200
200
200
200
200
200
25012
6
200
200
200
200
200
200
200
34069
7
200
200
200
200
200
200
200
31989
7
200
200
200
200
200
200
200
31884
7
200
200
200
200
200
200
200
200
35566
8
200
200
200
200
200
200
200
200
36540
8
200
200
200
200
200
200
200
200
39283
8
200
200
200
200
200
200
200
200
37497
8
200
200
200
200
200
200
200
33831
7
200
200
200
200
200
200
200
200
38132
8
200
200
200
200
200
200
200
200
200
41212
9
200
200
200
200
200
200
200
200
36196
8
200
200
200
11546
3
200
200
200
200
18486
4
200
200
200
200
200
200
28585
6
200
200
200
200
200
24202
5
200
200
200
200
200
23614
5
200
200
200
200
200
200
200
30827
7
200
200
200
200
200
200
28743
6
200
200
200
200
200
200
200
31101
7
200
200
200
200
200
200
200
30439
7
200
200
200
200
200
200
29886
6
200
200
200
200
200
200
200
32800
7
200
200
200
200
200
200
200
34079
7
200
200
200
200
200
200
200
32160
7
200
200
200
200
200
200
200
34561
7
200
200
200
200
200
200
29803
6
200
200
200
200
200
200
200
32887
7
200
200
200
200
200
200
200
32797
7
200
200
200
200
200
200
200
30219
7
200
200
200
200
200
200
200
31497
7
200
200
200
200
200
200
200
32081
7
200
200
200
200
200
200
200
34408
7
200
200
200
200
200
200
200
33932
7
200
200
200
200
200
200
200
33245
7
200
200
200
200
200
200
200
31637
7
200
200
200
200
200
200
200
33162
7
200
200
200
200
200
200
200
34493
7
200
200
200
200
200
200
200
33989
7
200
200
200
200
200
200
200
32684
7
200
200
200
200
200
200
200
33434
7
200
200
200
200
200
200
200
34306
7
200
200
200
200
200
200
200
32560
7
200
200
200
200
200
200
200
33136
7
200
200
200
200
200
200
200
33002
7
200
200
200
200
200
200
200
34794
7
200
200
200
200
200
200
200
34096
7
200
200
200
200
200
200
200
34028
7
200
200
200
200
200
200
200
200
200
200
200
200
200
200
200
200
200
83691
17
200
200
200
200
200
200
200
200
200
200
200
200
200
200
200
200
200
83846
17
200
200
200
200
200
200
200
200
200
200
200
200
200
200
200
200
200
84626
17
200
200
200
200
200
200
200
200
200
200
200
200
200
200
200
200
200
81217
17
200
200
200
200
200
24976
5
200
200
200
200
200
200
26340
6
200
200
200
200
200
200
26305
6
200
200
200
200
200
200
29864
6
200
200
200
200
200
200
27011
6
200
200
200
200
200
200
27176
6
200
200
200
200
200
200
28936
6
200
200
200
200
200
200
27425
6
200
200
200
200
200
200
200
30087
7
200
200
200
200
200
200
28343
6
200
200
200
200
200
200
200
31178
7
200
200
200
200
200
200
29828
6
200
200
200
200
200
200
29551
6
200
200
200
200
200
200
28095
6
200
200
200
200
200
200
28861
6
200
200
200
200
200
200
27429
6
200
200
200
200
200
200
200
30012
7
200
200
200
200
200
200
200
31023
7
200
200
200
200
200
200
28558
6
200
200
200
200
200
200
29472
6
200
200
200
200
200
200
29295
6
200
200
200
200
200
200
200
31849
7
200
200
200
200
200
200
200
31460
7
200
200
200
200
200
200
29560
6
200
200
200
200
200
200
29573
6
200
200
200
200
200
200
200
31410
7
200
200
200
200
200
200
200
30760
7
200
200
200
200
200
200
200
31834
7
200
200
200
200
200
200
200
31273
7
200
200
200
200
200
200
200
31000
7
200
200
200
200
200
200
200
30219
7
200
200
200
200
200
200
200
31325
7
200
200
200
200
200
200
200
30550
7
200
200
200
200
200
200
200
30563
7
200
200
200
200
200
200
200
32192
7
200
200
200
200
200
200
200
30835
7
200
200
200
200
200
200
200
32253
7
200
200
200
200
200
200
200
200
200
200
200
200
200
200
200
200
200
84221
17
200
200
200
200
200
200
200
200
200
200
200
200
200
200
200
200
200
200
200
200
97298
20
200
200
200
200
200
200
200
200
200
200
200
200
200
200
200
200
200
200
88834
18
200
200
200
200
200
23618
5
200
200
200
200
200
23032
5
200
200
200
200
200
200
25327
6
200
200
200
200
200
22978
5
200
200
200
200
200
200
26648
6
200
200
200
200
200
200
28376
6
200
200
200
200
200
200
27214
6
200
200
200
200
200
200
26700
6
200
200
200
200
200
200
26327
6
200
200
200
200
200
200
25337
6
200
200
200
200
200
200
25403
6
200
200
200
200
200
200
27023
6
200
200
200
200
200
200
26401
6
200
200
200
200
200
200
26238
6
200
200
200
200
200
200
28132
6
200
200
200
200
200
200
26485
6
200
200
200
200
200
200
27655
6
200
200
200
200
200
200
26043
6
200
200
200
200
200
200
28549
6
200
200
200
200
200
200
29010
6
200
200
200
200
200
200
27719
6
200
200
200
200
200
200
28542
6
200
200
200
200
200
200
28865
6
200
200
200
200
200
200
27809
6
200
200
200
200
200
200
27384
6
200
200
200
200
200
200
28285
6
200
200
200
200
200
200
26850
6
200
200
200
200
200
200
29554
6
200
200
200
200
200
200
27989
6
200
200
200
200
200
200
29353
6
200
200
200
200
200
200
27602
6
200
200
200
200
200
24698
5
200
200
200
200
200
200
27480
6
200
200
200
200
200
200
27106
6
200
200
200
200
200
200
29411
6
200
200
200
200
200
200
27732
6
200
200
200
200
200
200
28884
6
200
200
200
200
200
200
200
200
200
200
200
200
200
200
200
200
200
200
200
200
98296
20
200
200
200
200
200
200
200
200
200
200
200
200
200
200
200
200
200
200
200
94224
19
200
200
200
200
200
200
200
200
200
200
200
200
200
200
200
200
200
200
200
200
98960
20
200
200
200
200
19099
4
200
200
200
200
200
20405
5
200
200
200
200
200
21769
5
200
200
200
200
200
20308
5
200
200
200
200
200
23679
5
200
200
200
200
200
23653
5
200
200
200
200
200
21297
5
200
200
200
200
200
22869
5
200
200
200
200
200
22806
5
200
200
200
200
200
24753
5
200
200
200
200
19443
4
200
200
200
200
200
23272
5
200
200
200
200
200
22121
5
200
200
200
200
200
23508
5
200
200
200
200
200
22069
5
200
200
200
200
200
22896
5
200
200
200
200
200
24814
5
200
200
200
200
200
23962
5
200
200
200
200
200
24613
5
200
200
200
200
200
22970
5
200
200
200
200
200
20914
5
200
200
200
200
200
24218
5
200
200
200
200
200
23706
5
200
200
200
200
200
24534
5
200
200
200
200
200
24889
5
200
200
200
200
200
24897
5
200
200
200
200
200
24391
5
200
200
200
200
200
22427
5
200
200
200
200
200
24246
5
200
200
200
200
200
200
25848
6
200
200
200
200
200
23191
5
200
200
200
200
200
24864
5
200
200
200
200
200
200
25583
6
200
200
200
200
200
24167
5
200
200
200
200
200
200
25587
6
200
200
200
200
200
200
25392
6
200
200
200
200
200
200
200
200
200
200
200
200
200
200
200
200
77247
16
200
200
200
200
200
200
200
200
200
200
200
200
200
200
200
200
200
82650
17
200
200
200
200
200
200
200
200
200
200
200
200
200
200
200
200
200
200
86205
18
200
200
200
200
200
200
200
200
200
200
200
200
200
200
200
200
200
200
200
90059
19
200
200
200
200
17822
4
200
200
200
200
16991
4
200
200
200
200
17737
4
200
200
200
200
17115
4
200
200
200
200
18846
4
200
200
200
200
18374
4
200
200
200
200
16004
4
200
200
200
200
18332
4
200
200
200
200
200
20542
5
200
200
200
200
18363
4
200
200
200
200
16663
4
200
200
200
200
19520
4
200
200
200
200
200
20209
5
200
200
200
200
19674
4
200
200
200
200
200
20853
5
200
200
200
200
200
22176
5
200
200
200
200
200
21284
5
200
200
200
200
200
20887
5
200
200
200
200
200
22574
5
200
200
200
200
200
20812
5
200
200
200
200
200
20109
5
200
200
200
200
19838
4
200
200
200
200
200
21035
5
200
200
200
200
200
21002
5
200
200
200
200
200
22562
5
200
200
200
200
200
21862
5
200
200
200
200
19480
4
200
200
200
200
200
20580
5
200
200
200
200
19203
4
200
200
200
200
200
21617
5
200
200
200
200
200
21207
5
200
200
200
200
200
22103
5
200
200
200
200
200
21874
5
200
200
200
200
200
20150
5
200
200
200
200
200
22618
5
200
200
200
200
200
23095
5
200
200
200
200
200
20969
5
200
200
200
200
200
200
200
200
200
200
200
200
200
200
200
200
75292
16
200
200
200
200
200
200
200
200
200
200
200
200
200
200
200
73684
15
200
200
200
200
200
200
200
200
200
200
200
200
200
200
200
200
75661
16
200
200
200
200
16257
4
200
200
200
200
16589
4
200
200
200
200
17792
4
200
200
200
200
15922
4
200
200
200
200
19549
4
200
200
200
200
200
20100
5
200
200
200
200
19043
4
200
200
200
200
18516
4
200
200
200
200
17640
4
200
200
200
200
200
20263
5
200
200
200
200
16326
4
200
200
200
200
18654
4
200
200
200
200
18422
4
200
200
200
200
19983
4
200
200
200
200
19297
4
200
200
200
200
19584
4
200
200
200
200
18592
4
200
200
200
200
19357
4
200
200
200
200
17903
4
200
200
200
200
19881
4
200
200
200
200
18010
4
200
200
200
200
18485
4
200
200
200
200
19626
4
200
200
200
200
200
20889
5
200
200
200
200
16927
4
200
200
200
200
19987
4
200
200
200
200
200
20614
5
200
200
200
200
18574
4
200
200
200
200
18256
4
200
200
200
200
200
20020
5
200
200
200
200
18961
4
200
200
200
200
200
20990
5
200
200
200
200
18792
4
200
200
200
200
18127
4
200
200
200
200
19661
4
200
200
200
200
18642
4
200
200
200
200
19610
4
200
200
200
200
200
200
200
200
200
200
200
200
200
64162
13
200
200
200
200
200
200
200
200
200
200
200
200
200
200
66081
14
200
200
200
200
200
200
200
200
200
200
200
200
200
200
200
72189
15
200
200
200
14990
3
200
200
200
14694
3
200
200
200
200
16797
4
200
200
200
200
15556
4
200
200
200
200
17335
4
200
200
200
14051
3
200
200
200
14532
3
200
200
200
200
16890
4
200
200
200
200
17523
4
200
200
200
200
15059
4
200
200
200
14681
3
200
200
200
200
18050
4
200
200
200
200
16230
4
200
200
200
200
16463
4
200
200
200
200
19291
4
200
200
200
200
17980
4
200
200
200
200
15393
4
200
200
200
200
16427
4
200
200
200
200
18552
4
200
200
200
200
18139
4
200
200
200
200
19945
4
200
200
200
200
16625
4
200
200
200
200
18757
4
200
200
200
200
16344
4
200
200
200
200
19744
4
200
200
200
200
18483
4
200
200
200
200
18475
4
200
200
200
200
18564
4
200
200
200
200
19382
4
200
200
200
200
18978
4
200
200
200
200
19181
4
200
200
200
200
17892
4
200
200
200
200
18362
4
200
200
200
200
18439
4
200
200
200
200
18680
4
200
200
200
200
17853
4
200
200
200
200
200
200
200
200
200
200
200
54218
11
200
200
200
200
200
200
200
200
200
200
200
200
57924
12
200
200
200
200
200
200
200
200
200
200
200
200
200
61054
13
200
200
200
200
200
200
200
200
200
200
200
200
200
61473
13
200
200
200
14158
3
200
200
200
13055
3
200
200
200
13659
3
200
200
200
13766
3
200
200
200
13006
3
200
200
200
12715
3
200
200
200
200
15461
4
200
200
200
200
16517
4
200
200
200
14117
3
200
200
200
200
15101
4
200
200
200
14978
3
200
200
200
14628
3
200
200
200
200
16939
4
200
200
200
200
16053
4
200
200
200
200
15526
4
200
200
200
200
15680
4
200
200
200
200
16294
4
200
200
200
14907
3
200
200
200
200
15749
4
200
200
200
200
16696
4
200
200
200
200
16789
4
200
200
200
200
17271
4
200
200
200
200
18027
4
200
200
200
200
16817
4
200
200
200
200
16149
4
200
200
200
200
16718
4
200
200
200
200
16149
4
200
200
200
200
16880
4
200
200
200
200
18068
4
200
200
200
200
15160
4
200
200
200
200
15087
4
200
200
200
200
17343
4
200
200
200
200
17190
4
200
200
200
200
16582
4
200
200
200
200
15981
4
200
200
200
200
17608
4
200
200
200
200
17535
4
200
200
200
200
200
200
200
200
200
200
200
50662
11
200
200
200
200
200
200
200
200
200
200
200
51679
11
200
200
200
200
200
200
200
200
200
200
200
54396
11
200
200
200
12245
3
200
200
200
14237
3
200
200
200
11996
3
200
200
200
14284
3
200
200
200
11713
3
200
200
200
12158
3
200
200
200
14090
3
200
200
200
14147
3
200
200
200
14375
3
200
200
200
14761
3
200
200
200
200
15008
4
200
200
200
12797
3
200
200
200
13179
3
200
200
200
14851
3
200
200
200
13399
3
200
200
200
200
15471
4
200
200
200
14018
3
200
200
200
200
15626
4
200
200
200
200
15860
4
200
200
200
200
15506
4
200
200
200
200
15353
4
200
200
200
200
15104
4
200
200
200
200
15264
4
200
200
200
200
15705
4
200
200
200
200
16399
4
200
200
200
200
16372
4
200
200
200
200
15494
4
200
200
200
200
16312
4
200
200
200
200
15128
4
200
200
200
200
15339
4
200
200
200
200
15783
4
200
200
200
200
16410
4
200
200
200
200
16187
4
200
200
200
200
16089
4
200
200
200
200
16519
4
200
200
200
200
16070
4
200
200
200
200
16221
4
200
200
200
200
200
200
200
200
200
200
47908
10
200
200
200
200
200
200
200
200
200
200
200
50869
11
200
200
200
200
200
200
200
200
200
200
200
51881
11
200
200
200
10299
3
200
200
200
10331
3
200
200
200
12001
3
200
200
200
10682
3
200
200
200
12753
3
200
200
9255
2
200
200
200
10055
3
200
200
200
13148
3
200
200
200
11621
3
200
200
200
10177
3
200
200
200
11190
3
200
200
200
11322
3
200
200
200
12847
3
200
200
200
11981
3
200
200
200
12014
3
200
200
200
11296
3
200
200
200
14047
3
200
200
200
12226
3
200
200
200
13063
3
200
200
200
13287
3
200
200
200
13393
3
200
200
200
13170
3
200
200
200
12467
3
200
200
200
13985
3
200
200
200
13436
3
200
200
200
14051
3
200
200
200
13332
3
200
200
200
13120
3
200
200
200
14196
3
200
200
200
14318
3
200
200
200
14223
3
200
200
200
13289
3
200
200
200
13746
3
200
200
200
14627
3
200
200
200
14150
3
200
200
200
200
15183
4
200
200
200
200
200
200
200
200
37188
8
200
200
200
200
200
200
200
200
35048
8
200
200
200
200
200
200
200
200
200
40570
9
200
200
200
200
200
200
200
200
200
42889
9
200
200
6450
2
200
200
7309
2
200
200
8061
2
200
200
8011
2
200
200
9619
2
200
200
7654
2
200
200
8904
2
200
200
7651
2
200
200
6740
2
200
200
8364
2
200
200
8593
2
200
200
9950
2
200
200
9191
2
200
200
200
10096
3
200
200
8796
2
200
200
7727
2
200
200
9090
2
200
200
200
10002
3
200
200
9071
2
200
200
9117
2
200
200
8698
2
200
200
8867
2
200
200
8725
2
200
200
9596
2
200
200
200
10878
3
200
200
200
10932
3
200
200
200
11484
3
200
200
200
11779
3
200
200
200
10601
3
200
200
200
10992
3
200
200
200
10793
3
200
200
200
11035
3
200
200
200
12237
3
200
200
200
12242
3
200
200
200
12250
3
200
200
200
13180
3
200
200
200
12105
3
200
200
200
200
200
200
26150
6
200
200
200
200
200
200
25161
6
200
200
200
200
200
200
29141
6
200
200
6393
2
200
200
6504
2
200
200
7355
2
200
200
6110
2
200
200
6922
2
200
200
8154
2
200
200
7629
2
200
200
7260
2
200
200
7271
2
200
200
7354
2
200
200
6647
2
200
200
6930
2
200
200
8930
2
200
200
7183
2
200
200
7968
2
200
200
7931
2
200
200
8419
2
200
200
8877
2
200
200
7970
2
200
200
6813
2
200
200
8203
2
200
200
8702
2
200
200
8428
2
200
200
8398
2
200
200
7494
2
200
200
8777
2
200
200
7802
2
200
200
7942
2
200
200
8419
2
200
200
8587
2
200
200
9211
2
200
200
8322
2
200
200
9639
2
200
200
8803
2
200
200
9084
2
200
200
8368
2
200
200
9808
2
200
200
200
200
200
22564
5
200
200
200
200
200
24528
5
200
200
200
200
200
22988
5
200
200
5768
2
200
200
6795
2
200
200
6072
2
200
200
6799
2
200
200
6037
2
200
200
7372
2
200
200
6258
2
200
200
7816
2
200
200
6661
2
200
200
7034
2
200
200
6021
2
200
200
7253
2
200
200
6974
2
200
200
7353
2
200
200
8859
2
200
200
7395
2
200
200
8189
2
200
200
8373
2
200
200
7750
2
200
200
7692
2
200
200
8462
2
200
200
7806
2
200
200
7388
2
200
200
8507
2
200
200
8167
2
200
200
8255
2
200
200
8215
2
200
200
8228
2
200
200
8087
2
200
200
7843
2
200
200
7025
2
200
200
8142
2
200
200
7197
2
200
200
8966
2
200
200
7656
2
200
200
8680
2
200
200
200
200
200
23713
5
200
200
200
200
200
24560
5
200
200
200
200
200
200
25760
6
200
200
200
200
200
200
25220
6
200
200
6455
2
200
200
5761
2
200
200
6500
2
200
200
6221
2
200
200
6524
2
200
200
6833
2
200
200
6060
2
200
200
6875
2
200
200
8284
2
200
200
7449
2
200
200
7949
2
200
200
7664
2
200
200
8324
2
200
200
6380
2
200
200
6731
2
200
200
7192
2
200
200
7090
2
200
200
7309
2
200
200
8702
2
200
200
7546
2
200
200
7155
2
200
200
8446
2
200
200
7392
2
200
200
7321
2
200
200
7233
2
200
200
7765
2
200
200
8351
2
200
200
8355
2
200
200
7798
2
200
200
8116
2
200
200
8066
2
200
200
7850
2
200
200
8253
2
200
200
8105
2
200
200
7643
2
200
200
8511
2
200
200
8318
2
200
200
200
200
200
22694
5
200
200
200
200
200
21342
5
200
200
200
200
200
200
25068
6
200
2805
1
200
4781
1
200
4326
1
200
200
7185
2
200
4251
1
200
4148
1
200
4738
1
200
4445
1
200
4234
1
200
3721
1
200
4660
1
200
4913
1
200
3965
1
200
4712
1
200
200
5092
2
200
4605
1
200
200
5561
2
200
200
5152
2
200
200
5112
2
200
4520
1
200
200
5312
2
200
200
5590
2
200
200
5487
2
200
200
5680
2
200
4933
1
200
200
6833
2
200
200
6718
2
200
200
5996
2
200
200
7331
2
200
200
6993
2
200
200
6827
2
200
200
6961
2
200
200
7295
2
200
200
7928
2
200
200
7340
2
200
200
7284
2
200
200
7596
2
200
200
200
10160
3
200
200
200
12677
3
200
200
200
13801
3
200
146
1
200
155
1
200
147
1
200
174
1
200
180
1
200
158
1
200
182
1
200
196
1
200
206
1
200
289
1
200
174
1
200
178
1
200
201
1
200
231
1
200
205
1
200
206
1
200
128
1
200
170
1
200
382
1
200
204
1
200
177
1
200
569
1
200
493
1
200
188
1
200
142
1
200
197
1
200
210
1
200
184
1
200
501
1
200
199
1
200
202
1
200
432
1
200
647
1
200
524
1
200
1146
1
200
334
1
200
2109
1
200
3103
1
200
3695
1
200
3988
1
200
157
1
200
152
1
200
199
1
200
220
1
200
215
1
200
208
1
200
196
1
200
184
1
200
188
1
200
189
1
200
158
1
200
204
1
200
155
1
200
244
1
200
280
1
200
221
1
200
211
1
200
234
1
200
202
1
200
232
1
200
175
1
200
187
1
200
291
1
200
155
1
200
174
1
200
280
1
200
309
1
200
215
1
200
186
1
200
187
1
200
225
1
200
165
1
200
308
1
200
215
1
200
222
1
200
199
1
200
191
1
200
215
1
200
164
1
200
227
1
200
229
1
200
216
1
200
223
1
200
191
1
200
168
1
200
266
1
200
225
1
200
216
1
200
215
1
200
203
1
200
221
1
200
191
1
200
210
1
200
285
1
200
218
1
200
267
1
200
189
1
200
245
1
200
242
1
200
174
1
200
189
1
200
185
1
200
269
1
200
180
1
200
176
1
200
223
1
200
216
1
200
260
1
200
212
1
200
253
1
200
198
1
200
276
1
200
205
1
200
280
1
200
397
1
200
268
1
200
249
1
200
218
1
200
198
1
200
240
1
200
186
1
200
189
1
200
248
1
200
221
1
200
209
1
200
234
1
200
201
1
200
214
1
200
211
1
200
205
1
200
194
1
200
229
1
200
218
1
200
263
1
200
183
1
200
204
1
200
188
1
200
193
1
200
261
1
200
175
1
200
200
1
200
160
1
200
210
1
200
195
1
200
230
1
200
199
1
200
202
1
200
237
1
200
179
1
200
218
1
200
200
1
200
542
1
200
276
1
200
261
1
200
200
1
200
200
1
200
178
1
200
311
1
200
249
1
200
170
1
200
162
1
200
178
1
200
141
1
200
174
1
200
165
1
200
183
1
200
222
1
200
166
1
200
184
1
200
185
1
200
186
1
200
160
1
200
187
1
200
181
1
200
184
1
200
198
1
200
214
1
200
182
1
200
241
1
200
172
1
200
185
1
200
173
1
200
174
1
200
142
1
200
184
1
200
188
1
200
182
1
200
170
1
200
202
1
200
154
1
200
555
1
200
197
1
200
201
1
200
198
1
200
199
1
200
162
1
200
544
1
200
511
1
200
193
1
200
164
1
200
151
1
200
169
1
200
165
1
200
157
1
200
183
1
200
210
1
200
173
1
200
191
1
200
187
1
200
232
1
200
166
1
200
173
1
200
188
1
200
170
1
200
189
1
200
221
1
200
213
1
200
218
1
200
178
1
200
185
1
200
210
1
200
160
1
200
160
1
200
171
1
200
163
1
200
380
1
200
160
1
200
188
1
200
173
1
200
190
1
200
145
1
200
151
1
200
177
1
200
189
1
200
207
1
200
443
1
200
438
1
200
156
1
200
229
1
200
206
1
200
176
1
200
189
1
200
220
1
200
170
1
200
140
1
200
159
1
200
174
1
200
201
1
200
190
1
200
154
1
200
212
1
200
212
1
200
154
1
200
196
1
200
182
1
200
228
1
200
162
1
200
164
1
200
206
1
200
172
1
200
199
1
200
190
1
200
248
1
200
187
1
200
218
1
200
166
1
200
143
1
200
397
1
200
401
1
200
189
1
200
182
1
200
203
1
200
176
1
200
159
1
200
392
1
200
154
1
200
162
1
200
179
1
200
441
1
200
155
1
200
143
1
200
114
1
200
120
1
200
146
1
200
101
1
200
133
1
200
122
1
200
131
1
200
149
1
200
176
1
200
130
1
200
269
1
200
139
1
200
124
1
200
141
1
200
128
1
200
153
1
200
108
1
200
172
1
200
193
1
200
118
1
200
131
1
200
130
1
200
154
1
200
116
1
200
159
1
200
147
1
200
152
1
200
293
1
200
113
1
200
137
1
200
156
1
200
162
1
200
150
1
200
145
1
200
130
1
200
273
1
200
136
1
200
154
1
200
136
1
200
107
1
200
145
1
200
122
1
200
110
1
200
140
1
200
159
1
200
129
1
200
125
1
200
131
1
200
128
1
200
114
1
200
115
1
200
140
1
200
128
1
200
174
1
200
108
1
200
117
1
200
204
1
200
120
1
200
109
1
200
109
1
200
126
1
200
125
1
200
145
1
200
131
1
200
134
1
200
103
1
200
126
1
200
183
1
200
116
1
200
143
1
200
126
1
200
102
1
200
144
1
200
145
1
200
92
1
200
128
1
200
126
1
200
136
1
200
109
1
200
138
1
200
117
1
200
126
1
200
175
1
200
122
1
200
131
1
200
124
1
200
139
1
200
139
1
200
131
1
200
132
1
200
150
1
200
159
1
200
119
1
200
164
1
200
146
1
200
97
1
200
157
1
200
137
1
200
156
1
200
116
1
200
140
1
200
116
1
200
133
1
200
99
1
200
121
1
200
119
1
200
128
1
200
146
1
200
130
1
200
136
1
200
136
1
200
135
1
200
142
1
200
133
1
200
113
1
200
174
1
200
139
1
200
140
1
200
181
1
200
114
1
200
115
1
200
122
1
200
107
1
200
128
1
200
90
1
200
134
1
200
117
1
200
96
1
200
86
1
200
96
1
200
116
1
200
114
1
200
122
1
200
118
1
200
98
1
200
121
1
200
123
1
200
120
1
200
100
1
200
107
1
200
151
1
200
181
1
200
84
1
200
112
1
200
108
1
200
150
1
200
183
1
200
110
1
200
91
1
200
138
1
200
114
1
200
124
1
200
169
1
200
116
1
200
110
1
200
121
1
200
111
1
200
105
1
200
114
1
200
84
1
200
105
1
200
137
1
200
91
1
200
112
1
200
96
1
200
72
1
200
82
1
200
88
1
200
113
1
200
103
1
200
113
1
200
126
1
200
109
1
200
89
1
200
86
1
200
93
1
200
87
1
200
80
1
200
91
1
200
121
1
200
105
1
200
83
1
200
98
1
200
92
1
200
92
1
200
86
1
200
82
1
200
87
1
200
114
1
200
159
1
200
106
1
200
71
1
200
96
1
200
164
1
200
91
1
200
102
1
200
86
1
200
74
1
200
97
1
200
86
1
200
83
1
200
67
1
200
81
1
200
97
1
200
93
1
200
103
1
200
98
1
200
104
1
200
122
1
200
94
1
200
84
1
200
125
1
200
88
1
200
78
1
200
97
1
200
90
1
200
107
1
200
95
1
200
103
1
200
84
1
200
85
1
200
92
1
200
86
1
200
79
1
200
138
1
200
87
1
200
110
1
200
115
1
200
111
1
200
97
1
200
86
1
200
157
1
200
110
1
200
119
1
200
68
1
200
113
1
200
99
1
200
80
1
200
152
1
200
84
1
200
68
1
200
113
1
200
114
1
200
53
1
200
72
1
200
87
1
200
91
1
200
83
1
200
78
1
200
77
1
200
106
1
200
67
1
200
85
1
200
63
1
200
91
1
200
64
1
200
79
1
200
65
1
200
101
1
200
43
1
200
78
1
200
86
1
200
70
1
200
73
1
200
120
1
200
89
1
200
131
1
200
69
1
200
100
1
200
87
1
200
78
1
200
72
1
200
54
1
200
69
1
200
60
1
200
77
1
200
107
1
200
57
1
200
78
1
200
73
1
200
69
1
200
51
1
200
56
1
200
58
1
200
68
1
200
59
1
200
97
1
200
59
1
200
60
1
200
57
1
200
56
1
200
57
1
200
94
1
200
76
1
200
61
1
200
67
1
200
82
1
200
62
1
200
47
1
200
66
1
200
62
1
200
57
1
200
74
1
200
83
1
200
53
1
200
95
1
200
55
1
200
51
1
200
58
1
200
65
1
200
74
1
200
65
1
200
75
1
200
74
1
200
94
1
200
74
1
200
71
1
200
68
1
200
56
1
200
53
1
200
63
1
200
77
1
200
68
1
200
52
1
200
28
1
200
54
1
200
70
1
200
32
1
200
83
1
200
81
1
200
65
1
200
31
1
200
80
1
200
76
1
200
52
1
200
54
1
200
63
1
200
52
1
200
97
1
200
81
1
200
86
1
200
46
1
200
58
1
200
63
1
200
64
1
200
67
1
200
60
1
200
57
1
200
59
1
200
62
1
200
78
1
200
71
1
200
55
1
200
55
1
200
65
1
200
87
1
200
69
1
200
78
1
200
126
1
200
15
1
200
6
1
200
18
1
200
49
1
200
25
1
200
41
1
200
6
1
200
21
1
200
49
1
200
57
1
200
42
1
200
43
1
200
70
1
200
80
1
200
43
1
200
56
1
200
60
1
200
54
1
200
107
1
200
29
1
200
56
1
200
68
1
200
77
1
200
84
1
200
96
1
200
79
1
200
77
1
200
90
1
200
57
1
200
63
1
200
81
1
200
29
1
200
69
1
200
46
1
200
70
1
200
71
1
200
79
1
200
87
1
200
28
1
200
50
1
200
30
1
200
40
1
200
46
1
200
48
1
200
52
1
200
48
1
200
34
1
200
49
1
200
69
1
200
51
1
200
61
1
200
124
1
200
76
1
200
49
1
200
61
1
200
49
1
200
73
1
200
56
1
200
59
1
200
59
1
200
43
1
200
63
1
200
49
1
200
93
1
200
46
1
200
54
1
200
86
1
200
115
1
200
110
1
200
63
1
200
104
1
200
73
1
200
54
1
200
64
1
200
61
1
200
31
1
200
102
1
200
81
1
200
58
1
200
101
1
200
65
1
200
56
1
200
75
1
200
48
1
200
87
1
200
109
1
200
69
1
200
115
1
200
120
1
200
57
1
200
70
1
200
68
1
200
110
1
200
91
1
200
141
1
200
59
1
200
91
1
200
99
1
200
72
1
200
77
1
200
92
1
200
84
1
200
107
1
200
101
1
200
97
1
200
75
1
200
101
1
200
60
1
200
109
1
200
75
1
200
85
1
200
79
1
200
73
1
200
88
1
200
71
1
200
70
1
200
135
1
200
121
1
200
88
1
200
106
1
200
Traceback (most recent call last):
  File "get_pmid.py", line 71, in <module>
    job_has_pmid.append(int(line))
ValueError: invalid literal for int() with base 10: '<?xml version="1.0" encoding="UTF-8" ?>'
200
Traceback (most recent call last):
  File "get_pmid.py", line 71, in <module>
    job_has_pmid.append(int(line))
ValueError: invalid literal for int() with base 10: '<?xml version="1.0" encoding="UTF-8" ?>'
200
Traceback (most recent call last):
  File "get_pmid.py", line 71, in <module>
    job_has_pmid.append(int(line))
ValueError: invalid literal for int() with base 10: '<?xml version="1.0" encoding="UTF-8" ?>'
200
Traceback (most recent call last):
  File "get_pmid.py", line 71, in <module>
    job_has_pmid.append(int(line))
ValueError: invalid literal for int() with base 10: '<?xml version="1.0" encoding="UTF-8" ?>'
200
Traceback (most recent call last):
  File "get_pmid.py", line 71, in <module>
    job_has_pmid.append(int(line))
ValueError: invalid literal for int() with base 10: '<?xml version="1.0" encoding="UTF-8" ?>'
200
Traceback (most recent call last):
  File "get_pmid.py", line 71, in <module>
    job_has_pmid.append(int(line))
ValueError: invalid literal for int() with base 10: '<?xml version="1.0" encoding="UTF-8" ?>'
200
Traceback (most recent call last):
  File "get_pmid.py", line 71, in <module>
    job_has_pmid.append(int(line))
ValueError: invalid literal for int() with base 10: '<?xml version="1.0" encoding="UTF-8" ?>'
200
39
1
200
39
1
200
19
1
200
33
1
200
94
1
200
58
1
200
74
1
200
66
1
200
81
1
200
75
1
200
80
1
200
52
1
200
21
1
200
67
1
200
43
1
200
70
1
200
62
1
200
71
1
200
49
1
200
77
1
200
60
1
200
6
1
200
9
1
200
10
1
200
79
1
200
34
1
200
34
1
200
11
1
200
66
1
200
63
1
200
55
1
200
55
1
200
30
1
200
Traceback (most recent call last):
  File "get_pmid.py", line 71, in <module>
    job_has_pmid.append(int(line))
ValueError: invalid literal for int() with base 10: '<?xml version="1.0" encoding="UTF-8" ?>'
200
Traceback (most recent call last):
  File "get_pmid.py", line 71, in <module>
    job_has_pmid.append(int(line))
ValueError: invalid literal for int() with base 10: '<?xml version="1.0" encoding="UTF-8" ?>'
200
Traceback (most recent call last):
  File "get_pmid.py", line 71, in <module>
    job_has_pmid.append(int(line))
ValueError: invalid literal for int() with base 10: '<?xml version="1.0" encoding="UTF-8" ?>'
200
Traceback (most recent call last):
  File "get_pmid.py", line 71, in <module>
    job_has_pmid.append(int(line))
ValueError: invalid literal for int() with base 10: '<?xml version="1.0" encoding="UTF-8" ?>'
200
Traceback (most recent call last):
  File "get_pmid.py", line 71, in <module>
    job_has_pmid.append(int(line))
ValueError: invalid literal for int() with base 10: '<?xml version="1.0" encoding="UTF-8" ?>'
200
Traceback (most recent call last):
  File "get_pmid.py", line 71, in <module>
    job_has_pmid.append(int(line))
ValueError: invalid literal for int() with base 10: '<?xml version="1.0" encoding="UTF-8" ?>'
200
Traceback (most recent call last):
  File "get_pmid.py", line 71, in <module>
    job_has_pmid.append(int(line))
ValueError: invalid literal for int() with base 10: '<?xml version="1.0" encoding="UTF-8" ?>'
200
Traceback (most recent call last):
  File "get_pmid.py", line 71, in <module>
    job_has_pmid.append(int(line))
ValueError: invalid literal for int() with base 10: '<?xml version="1.0" encoding="UTF-8" ?>'
200
Traceback (most recent call last):
  File "get_pmid.py", line 71, in <module>
    job_has_pmid.append(int(line))
ValueError: invalid literal for int() with base 10: '<?xml version="1.0" encoding="UTF-8" ?>'
200
Traceback (most recent call last):
  File "get_pmid.py", line 71, in <module>
    job_has_pmid.append(int(line))
ValueError: invalid literal for int() with base 10: '<?xml version="1.0" encoding="UTF-8" ?>'
200
Traceback (most recent call last):
  File "get_pmid.py", line 71, in <module>
    job_has_pmid.append(int(line))
ValueError: invalid literal for int() with base 10: '<?xml version="1.0" encoding="UTF-8" ?>'
200
Traceback (most recent call last):
  File "get_pmid.py", line 71, in <module>
    job_has_pmid.append(int(line))
ValueError: invalid literal for int() with base 10: '<?xml version="1.0" encoding="UTF-8" ?>'
200
Traceback (most recent call last):
  File "get_pmid.py", line 71, in <module>
    job_has_pmid.append(int(line))
ValueError: invalid literal for int() with base 10: '<?xml version="1.0" encoding="UTF-8" ?>'
200
Traceback (most recent call last):
  File "get_pmid.py", line 71, in <module>
    job_has_pmid.append(int(line))
ValueError: invalid literal for int() with base 10: '<?xml version="1.0" encoding="UTF-8" ?>'
200
60
1
200
17
1
200
10
1
200
15
1
200
13
1
200
14
1
200
13
1
200
49
1
200
9
1
200
45
1
200
12
1
200
44
1
200
39
1
200
12
1
200
64
1
200
42
1
200
39
1
200
76
1
200
6
1
200
5
1
200
18
1
200
6
1
200
17
1
200
82
1
200
23
1
200
39
1
200
200
Traceback (most recent call last):
  File "get_pmid.py", line 71, in <module>
    job_has_pmid.append(int(line))
ValueError: invalid literal for int() with base 10: '<?xml version="1.0" encoding="UTF-8" ?>'
Traceback (most recent call last):
  File "get_pmid.py", line 71, in <module>
    job_has_pmid.append(int(line))
ValueError: invalid literal for int() with base 10: '<?xml version="1.0" encoding="UTF-8" ?>'
200
Traceback (most recent call last):
  File "get_pmid.py", line 71, in <module>
    job_has_pmid.append(int(line))
ValueError: invalid literal for int() with base 10: '<?xml version="1.0" encoding="UTF-8" ?>'
200
Traceback (most recent call last):
  File "get_pmid.py", line 71, in <module>
    job_has_pmid.append(int(line))
ValueError: invalid literal for int() with base 10: '<?xml version="1.0" encoding="UTF-8" ?>'
200
Traceback (most recent call last):
  File "get_pmid.py", line 71, in <module>
    job_has_pmid.append(int(line))
ValueError: invalid literal for int() with base 10: '<?xml version="1.0" encoding="UTF-8" ?>'
200
Traceback (most recent call last):
  File "get_pmid.py", line 71, in <module>
    job_has_pmid.append(int(line))
ValueError: invalid literal for int() with base 10: '<?xml version="1.0" encoding="UTF-8" ?>'
200
Traceback (most recent call last):
  File "get_pmid.py", line 71, in <module>
    job_has_pmid.append(int(line))
ValueError: invalid literal for int() with base 10: '<?xml version="1.0" encoding="UTF-8" ?>'
200
Traceback (most recent call last):
  File "get_pmid.py", line 71, in <module>
    job_has_pmid.append(int(line))
ValueError: invalid literal for int() with base 10: '<?xml version="1.0" encoding="UTF-8" ?>'
200
Traceback (most recent call last):
  File "get_pmid.py", line 71, in <module>
    job_has_pmid.append(int(line))
ValueError: invalid literal for int() with base 10: '<?xml version="1.0" encoding="UTF-8" ?>'
200
Traceback (most recent call last):
  File "get_pmid.py", line 71, in <module>
    job_has_pmid.append(int(line))
ValueError: invalid literal for int() with base 10: '<?xml version="1.0" encoding="UTF-8" ?>'
200
Traceback (most recent call last):
  File "get_pmid.py", line 71, in <module>
    job_has_pmid.append(int(line))
ValueError: invalid literal for int() with base 10: '<?xml version="1.0" encoding="UTF-8" ?>'
200
Traceback (most recent call last):
  File "get_pmid.py", line 71, in <module>
    job_has_pmid.append(int(line))
ValueError: invalid literal for int() with base 10: '<?xml version="1.0" encoding="UTF-8" ?>'
200
Traceback (most recent call last):
  File "get_pmid.py", line 71, in <module>
    job_has_pmid.append(int(line))
ValueError: invalid literal for int() with base 10: '<?xml version="1.0" encoding="UTF-8" ?>'
200
Traceback (most recent call last):
  File "get_pmid.py", line 71, in <module>
    job_has_pmid.append(int(line))
ValueError: invalid literal for int() with base 10: '<?xml version="1.0" encoding="UTF-8" ?>'
200
Traceback (most recent call last):
  File "get_pmid.py", line 71, in <module>
    job_has_pmid.append(int(line))
ValueError: invalid literal for int() with base 10: '<?xml version="1.0" encoding="UTF-8" ?>'
200
200
Traceback (most recent call last):
  File "get_pmid.py", line 71, in <module>
    job_has_pmid.append(int(line))
ValueError: invalid literal for int() with base 10: '<?xml version="1.0" encoding="UTF-8" ?>'
Traceback (most recent call last):
  File "get_pmid.py", line 71, in <module>
    job_has_pmid.append(int(line))
ValueError: invalid literal for int() with base 10: '<?xml version="1.0" encoding="UTF-8" ?>'
200
Traceback (most recent call last):
  File "get_pmid.py", line 71, in <module>
    job_has_pmid.append(int(line))
ValueError: invalid literal for int() with base 10: '<?xml version="1.0" encoding="UTF-8" ?>'
200
Traceback (most recent call last):
  File "get_pmid.py", line 71, in <module>
    job_has_pmid.append(int(line))
ValueError: invalid literal for int() with base 10: '<?xml version="1.0" encoding="UTF-8" ?>'
200
Traceback (most recent call last):
  File "get_pmid.py", line 71, in <module>
    job_has_pmid.append(int(line))
ValueError: invalid literal for int() with base 10: '<?xml version="1.0" encoding="UTF-8" ?>'
200
Traceback (most recent call last):
  File "get_pmid.py", line 71, in <module>
    job_has_pmid.append(int(line))
ValueError: invalid literal for int() with base 10: '<?xml version="1.0" encoding="UTF-8" ?>'
200
Traceback (most recent call last):
  File "get_pmid.py", line 71, in <module>
    job_has_pmid.append(int(line))
ValueError: invalid literal for int() with base 10: '<?xml version="1.0" encoding="UTF-8" ?>'
200
Traceback (most recent call last):
  File "get_pmid.py", line 71, in <module>
    job_has_pmid.append(int(line))
ValueError: invalid literal for int() with base 10: '<?xml version="1.0" encoding="UTF-8" ?>'
200
Traceback (most recent call last):
  File "get_pmid.py", line 71, in <module>
    job_has_pmid.append(int(line))
ValueError: invalid literal for int() with base 10: '<?xml version="1.0" encoding="UTF-8" ?>'
200
Traceback (most recent call last):
  File "get_pmid.py", line 71, in <module>
    job_has_pmid.append(int(line))
ValueError: invalid literal for int() with base 10: '<?xml version="1.0" encoding="UTF-8" ?>'
200
Traceback (most recent call last):
  File "get_pmid.py", line 71, in <module>
    job_has_pmid.append(int(line))
ValueError: invalid literal for int() with base 10: '<?xml version="1.0" encoding="UTF-8" ?>'
200
Traceback (most recent call last):
  File "get_pmid.py", line 71, in <module>
    job_has_pmid.append(int(line))
ValueError: invalid literal for int() with base 10: '<?xml version="1.0" encoding="UTF-8" ?>'
200
Traceback (most recent call last):
  File "get_pmid.py", line 71, in <module>
    job_has_pmid.append(int(line))
ValueError: invalid literal for int() with base 10: '<?xml version="1.0" encoding="UTF-8" ?>'
200
Traceback (most recent call last):
  File "get_pmid.py", line 71, in <module>
    job_has_pmid.append(int(line))
ValueError: invalid literal for int() with base 10: '<?xml version="1.0" encoding="UTF-8" ?>'
200
10
1
200
10
1
200
23
1
200
11
1
200
Traceback (most recent call last):
  File "get_pmid.py", line 71, in <module>
    job_has_pmid.append(int(line))
ValueError: invalid literal for int() with base 10: '<?xml version="1.0" encoding="UTF-8" ?>'
200
14
1
200
11
1
200
11
1
200
18
1
200
11
1
200
14
1
200
Traceback (most recent call last):
  File "get_pmid.py", line 71, in <module>
    job_has_pmid.append(int(line))
ValueError: invalid literal for int() with base 10: '<?xml version="1.0" encoding="UTF-8" ?>'
200
Traceback (most recent call last):
  File "get_pmid.py", line 71, in <module>
    job_has_pmid.append(int(line))
ValueError: invalid literal for int() with base 10: '<?xml version="1.0" encoding="UTF-8" ?>'
200
Traceback (most recent call last):
  File "get_pmid.py", line 71, in <module>
    job_has_pmid.append(int(line))
ValueError: invalid literal for int() with base 10: '<?xml version="1.0" encoding="UTF-8" ?>'
200
Traceback (most recent call last):
  File "get_pmid.py", line 71, in <module>
    job_has_pmid.append(int(line))
ValueError: invalid literal for int() with base 10: '<?xml version="1.0" encoding="UTF-8" ?>'
200
Traceback (most recent call last):
  File "get_pmid.py", line 71, in <module>
    job_has_pmid.append(int(line))
ValueError: invalid literal for int() with base 10: '<?xml version="1.0" encoding="UTF-8" ?>'
200
Traceback (most recent call last):
  File "get_pmid.py", line 71, in <module>
    job_has_pmid.append(int(line))
ValueError: invalid literal for int() with base 10: '<?xml version="1.0" encoding="UTF-8" ?>'
200
Traceback (most recent call last):
  File "get_pmid.py", line 71, in <module>
    job_has_pmid.append(int(line))
ValueError: invalid literal for int() with base 10: '<?xml version="1.0" encoding="UTF-8" ?>'
200
Traceback (most recent call last):
  File "get_pmid.py", line 71, in <module>
    job_has_pmid.append(int(line))
ValueError: invalid literal for int() with base 10: '<?xml version="1.0" encoding="UTF-8" ?>'
200
Traceback (most recent call last):
  File "get_pmid.py", line 71, in <module>
    job_has_pmid.append(int(line))
ValueError: invalid literal for int() with base 10: '<?xml version="1.0" encoding="UTF-8" ?>'
200
Traceback (most recent call last):
  File "get_pmid.py", line 71, in <module>
    job_has_pmid.append(int(line))
ValueError: invalid literal for int() with base 10: '<?xml version="1.0" encoding="UTF-8" ?>'
200
Traceback (most recent call last):
  File "get_pmid.py", line 71, in <module>
    job_has_pmid.append(int(line))
ValueError: invalid literal for int() with base 10: '<?xml version="1.0" encoding="UTF-8" ?>'
200
Traceback (most recent call last):
  File "get_pmid.py", line 71, in <module>
    job_has_pmid.append(int(line))
ValueError: invalid literal for int() with base 10: '<?xml version="1.0" encoding="UTF-8" ?>'
200
Traceback (most recent call last):
  File "get_pmid.py", line 71, in <module>
    job_has_pmid.append(int(line))
ValueError: invalid literal for int() with base 10: '<?xml version="1.0" encoding="UTF-8" ?>'
200
Traceback (most recent call last):
  File "get_pmid.py", line 71, in <module>
    job_has_pmid.append(int(line))
ValueError: invalid literal for int() with base 10: '<?xml version="1.0" encoding="UTF-8" ?>'
200
Traceback (most recent call last):
  File "get_pmid.py", line 71, in <module>
    job_has_pmid.append(int(line))
ValueError: invalid literal for int() with base 10: '<?xml version="1.0" encoding="UTF-8" ?>'
200
Traceback (most recent call last):
  File "get_pmid.py", line 71, in <module>
    job_has_pmid.append(int(line))
ValueError: invalid literal for int() with base 10: '<?xml version="1.0" encoding="UTF-8" ?>'
200
Traceback (most recent call last):
  File "get_pmid.py", line 71, in <module>
    job_has_pmid.append(int(line))
ValueError: invalid literal for int() with base 10: '<?xml version="1.0" encoding="UTF-8" ?>'
200
Traceback (most recent call last):
  File "get_pmid.py", line 71, in <module>
    job_has_pmid.append(int(line))
ValueError: invalid literal for int() with base 10: '<?xml version="1.0" encoding="UTF-8" ?>'
200
Traceback (most recent call last):
  File "get_pmid.py", line 71, in <module>
    job_has_pmid.append(int(line))
ValueError: invalid literal for int() with base 10: '<?xml version="1.0" encoding="UTF-8" ?>'
200
Traceback (most recent call last):
  File "get_pmid.py", line 71, in <module>
    job_has_pmid.append(int(line))
ValueError: invalid literal for int() with base 10: '<?xml version="1.0" encoding="UTF-8" ?>'
200
Traceback (most recent call last):
  File "get_pmid.py", line 71, in <module>
    job_has_pmid.append(int(line))
ValueError: invalid literal for int() with base 10: '<?xml version="1.0" encoding="UTF-8" ?>'
200
Traceback (most recent call last):
  File "get_pmid.py", line 71, in <module>
    job_has_pmid.append(int(line))
ValueError: invalid literal for int() with base 10: '<?xml version="1.0" encoding="UTF-8" ?>'
200
Traceback (most recent call last):
  File "get_pmid.py", line 71, in <module>
    job_has_pmid.append(int(line))
ValueError: invalid literal for int() with base 10: '<?xml version="1.0" encoding="UTF-8" ?>'
200
Traceback (most recent call last):
  File "get_pmid.py", line 71, in <module>
    job_has_pmid.append(int(line))
ValueError: invalid literal for int() with base 10: '<?xml version="1.0" encoding="UTF-8" ?>'
200
Traceback (most recent call last):
  File "get_pmid.py", line 71, in <module>
    job_has_pmid.append(int(line))
ValueError: invalid literal for int() with base 10: '<?xml version="1.0" encoding="UTF-8" ?>'
200
Traceback (most recent call last):
  File "get_pmid.py", line 71, in <module>
    job_has_pmid.append(int(line))
ValueError: invalid literal for int() with base 10: '<?xml version="1.0" encoding="UTF-8" ?>'
200
Traceback (most recent call last):
  File "get_pmid.py", line 71, in <module>
    job_has_pmid.append(int(line))
ValueError: invalid literal for int() with base 10: '<?xml version="1.0" encoding="UTF-8" ?>'
200
Traceback (most recent call last):
  File "get_pmid.py", line 71, in <module>
    job_has_pmid.append(int(line))
ValueError: invalid literal for int() with base 10: '<?xml version="1.0" encoding="UTF-8" ?>'
200
Traceback (most recent call last):
  File "get_pmid.py", line 71, in <module>
    job_has_pmid.append(int(line))
ValueError: invalid literal for int() with base 10: '<?xml version="1.0" encoding="UTF-8" ?>'
200
Traceback (most recent call last):
  File "get_pmid.py", line 71, in <module>
    job_has_pmid.append(int(line))
ValueError: invalid literal for int() with base 10: '<?xml version="1.0" encoding="UTF-8" ?>'
200
Traceback (most recent call last):
  File "get_pmid.py", line 71, in <module>
    job_has_pmid.append(int(line))
ValueError: invalid literal for int() with base 10: '<?xml version="1.0" encoding="UTF-8" ?>'
200
Traceback (most recent call last):
  File "get_pmid.py", line 71, in <module>
    job_has_pmid.append(int(line))
ValueError: invalid literal for int() with base 10: '<?xml version="1.0" encoding="UTF-8" ?>'
200
16
1
200
23
1
200
21
1
200
23
1
200
20
1
200
20
1
200
27
1
200
18
1
200
Traceback (most recent call last):
  File "get_pmid.py", line 71, in <module>
    job_has_pmid.append(int(line))
ValueError: invalid literal for int() with base 10: '<?xml version="1.0" encoding="UTF-8" ?>'
200
Traceback (most recent call last):
  File "get_pmid.py", line 71, in <module>
    job_has_pmid.append(int(line))
ValueError: invalid literal for int() with base 10: '<?xml version="1.0" encoding="UTF-8" ?>'
200
Traceback (most recent call last):
  File "get_pmid.py", line 71, in <module>
    job_has_pmid.append(int(line))
ValueError: invalid literal for int() with base 10: '<?xml version="1.0" encoding="UTF-8" ?>'
200
Traceback (most recent call last):
  File "get_pmid.py", line 71, in <module>
    job_has_pmid.append(int(line))
ValueError: invalid literal for int() with base 10: '<?xml version="1.0" encoding="UTF-8" ?>'
200
Traceback (most recent call last):
  File "get_pmid.py", line 71, in <module>
    job_has_pmid.append(int(line))
ValueError: invalid literal for int() with base 10: '<?xml version="1.0" encoding="UTF-8" ?>'
200
Traceback (most recent call last):
  File "get_pmid.py", line 71, in <module>
    job_has_pmid.append(int(line))
ValueError: invalid literal for int() with base 10: '<?xml version="1.0" encoding="UTF-8" ?>'
200
Traceback (most recent call last):
  File "get_pmid.py", line 71, in <module>
    job_has_pmid.append(int(line))
ValueError: invalid literal for int() with base 10: '<?xml version="1.0" encoding="UTF-8" ?>'
200
Traceback (most recent call last):
  File "get_pmid.py", line 71, in <module>
    job_has_pmid.append(int(line))
ValueError: invalid literal for int() with base 10: '<?xml version="1.0" encoding="UTF-8" ?>'
200
Traceback (most recent call last):
  File "get_pmid.py", line 71, in <module>
    job_has_pmid.append(int(line))
ValueError: invalid literal for int() with base 10: '<?xml version="1.0" encoding="UTF-8" ?>'
200
Traceback (most recent call last):
  File "get_pmid.py", line 71, in <module>
    job_has_pmid.append(int(line))
ValueError: invalid literal for int() with base 10: '<?xml version="1.0" encoding="UTF-8" ?>'
200
Traceback (most recent call last):
  File "get_pmid.py", line 71, in <module>
    job_has_pmid.append(int(line))
ValueError: invalid literal for int() with base 10: '<?xml version="1.0" encoding="UTF-8" ?>'
200
Traceback (most recent call last):
  File "get_pmid.py", line 71, in <module>
    job_has_pmid.append(int(line))
ValueError: invalid literal for int() with base 10: '<?xml version="1.0" encoding="UTF-8" ?>'
200
Traceback (most recent call last):
  File "get_pmid.py", line 71, in <module>
    job_has_pmid.append(int(line))
ValueError: invalid literal for int() with base 10: '<?xml version="1.0" encoding="UTF-8" ?>'
200
Traceback (most recent call last):
  File "get_pmid.py", line 71, in <module>
    job_has_pmid.append(int(line))
ValueError: invalid literal for int() with base 10: '<?xml version="1.0" encoding="UTF-8" ?>'
200
Traceback (most recent call last):
  File "get_pmid.py", line 71, in <module>
    job_has_pmid.append(int(line))
ValueError: invalid literal for int() with base 10: '<?xml version="1.0" encoding="UTF-8" ?>'
200
Traceback (most recent call last):
  File "get_pmid.py", line 71, in <module>
    job_has_pmid.append(int(line))
ValueError: invalid literal for int() with base 10: '<?xml version="1.0" encoding="UTF-8" ?>'
200
Traceback (most recent call last):
  File "get_pmid.py", line 71, in <module>
    job_has_pmid.append(int(line))
ValueError: invalid literal for int() with base 10: '<?xml version="1.0" encoding="UTF-8" ?>'
200
Traceback (most recent call last):
  File "get_pmid.py", line 71, in <module>
    job_has_pmid.append(int(line))
ValueError: invalid literal for int() with base 10: '<?xml version="1.0" encoding="UTF-8" ?>'
200
Traceback (most recent call last):
  File "get_pmid.py", line 71, in <module>
    job_has_pmid.append(int(line))
ValueError: invalid literal for int() with base 10: '<?xml version="1.0" encoding="UTF-8" ?>'
200
Traceback (most recent call last):
  File "get_pmid.py", line 71, in <module>
    job_has_pmid.append(int(line))
ValueError: invalid literal for int() with base 10: '<?xml version="1.0" encoding="UTF-8" ?>'
200
Traceback (most recent call last):
  File "get_pmid.py", line 71, in <module>
    job_has_pmid.append(int(line))
ValueError: invalid literal for int() with base 10: '<?xml version="1.0" encoding="UTF-8" ?>'
200
Traceback (most recent call last):
  File "get_pmid.py", line 71, in <module>
    job_has_pmid.append(int(line))
ValueError: invalid literal for int() with base 10: '<?xml version="1.0" encoding="UTF-8" ?>'
200
Traceback (most recent call last):
  File "get_pmid.py", line 71, in <module>
    job_has_pmid.append(int(line))
ValueError: invalid literal for int() with base 10: '<?xml version="1.0" encoding="UTF-8" ?>'
200
Traceback (most recent call last):
  File "get_pmid.py", line 71, in <module>
    job_has_pmid.append(int(line))
ValueError: invalid literal for int() with base 10: '<?xml version="1.0" encoding="UTF-8" ?>'
200
Traceback (most recent call last):
  File "get_pmid.py", line 71, in <module>
    job_has_pmid.append(int(line))
ValueError: invalid literal for int() with base 10: '<?xml version="1.0" encoding="UTF-8" ?>'
200
Traceback (most recent call last):
  File "get_pmid.py", line 71, in <module>
    job_has_pmid.append(int(line))
ValueError: invalid literal for int() with base 10: '<?xml version="1.0" encoding="UTF-8" ?>'
200
Traceback (most recent call last):
  File "get_pmid.py", line 71, in <module>
    job_has_pmid.append(int(line))
ValueError: invalid literal for int() with base 10: '<?xml version="1.0" encoding="UTF-8" ?>'
200
Traceback (most recent call last):
  File "get_pmid.py", line 71, in <module>
    job_has_pmid.append(int(line))
ValueError: invalid literal for int() with base 10: '<?xml version="1.0" encoding="UTF-8" ?>'
200
Traceback (most recent call last):
  File "get_pmid.py", line 71, in <module>
    job_has_pmid.append(int(line))
ValueError: invalid literal for int() with base 10: '<?xml version="1.0" encoding="UTF-8" ?>'
200
Traceback (most recent call last):
  File "get_pmid.py", line 71, in <module>
    job_has_pmid.append(int(line))
ValueError: invalid literal for int() with base 10: '<?xml version="1.0" encoding="UTF-8" ?>'
200
25
1
200
Traceback (most recent call last):
  File "get_pmid.py", line 71, in <module>
    job_has_pmid.append(int(line))
ValueError: invalid literal for int() with base 10: '<?xml version="1.0" encoding="UTF-8" ?>'
200
16
1
200
23
1
200
21
1
200
27
1
200
18
1
200
23
1
200
19
1
200
68
1
200
Traceback (most recent call last):
  File "get_pmid.py", line 71, in <module>
    job_has_pmid.append(int(line))
ValueError: invalid literal for int() with base 10: '<?xml version="1.0" encoding="UTF-8" ?>'
200
Traceback (most recent call last):
  File "get_pmid.py", line 71, in <module>
    job_has_pmid.append(int(line))
ValueError: invalid literal for int() with base 10: '<?xml version="1.0" encoding="UTF-8" ?>'
200
Traceback (most recent call last):
  File "get_pmid.py", line 71, in <module>
    job_has_pmid.append(int(line))
ValueError: invalid literal for int() with base 10: '<?xml version="1.0" encoding="UTF-8" ?>'
200
Traceback (most recent call last):
  File "get_pmid.py", line 71, in <module>
    job_has_pmid.append(int(line))
ValueError: invalid literal for int() with base 10: '<?xml version="1.0" encoding="UTF-8" ?>'
200
Traceback (most recent call last):
  File "get_pmid.py", line 71, in <module>
    job_has_pmid.append(int(line))
ValueError: invalid literal for int() with base 10: '<?xml version="1.0" encoding="UTF-8" ?>'
200
Traceback (most recent call last):
  File "get_pmid.py", line 71, in <module>
    job_has_pmid.append(int(line))
ValueError: invalid literal for int() with base 10: '<?xml version="1.0" encoding="UTF-8" ?>'
200
Traceback (most recent call last):
  File "get_pmid.py", line 71, in <module>
    job_has_pmid.append(int(line))
ValueError: invalid literal for int() with base 10: '<?xml version="1.0" encoding="UTF-8" ?>'
200
Traceback (most recent call last):
  File "get_pmid.py", line 71, in <module>
    job_has_pmid.append(int(line))
ValueError: invalid literal for int() with base 10: '<?xml version="1.0" encoding="UTF-8" ?>'
200
Traceback (most recent call last):
  File "get_pmid.py", line 71, in <module>
    job_has_pmid.append(int(line))
ValueError: invalid literal for int() with base 10: '<?xml version="1.0" encoding="UTF-8" ?>'
200
Traceback (most recent call last):
  File "get_pmid.py", line 71, in <module>
    job_has_pmid.append(int(line))
ValueError: invalid literal for int() with base 10: '<?xml version="1.0" encoding="UTF-8" ?>'
200
Traceback (most recent call last):
  File "get_pmid.py", line 71, in <module>
    job_has_pmid.append(int(line))
ValueError: invalid literal for int() with base 10: '<?xml version="1.0" encoding="UTF-8" ?>'
200
Traceback (most recent call last):
  File "get_pmid.py", line 71, in <module>
    job_has_pmid.append(int(line))
ValueError: invalid literal for int() with base 10: '<?xml version="1.0" encoding="UTF-8" ?>'
200
Traceback (most recent call last):
  File "get_pmid.py", line 71, in <module>
    job_has_pmid.append(int(line))
ValueError: invalid literal for int() with base 10: '<?xml version="1.0" encoding="UTF-8" ?>'
200
Traceback (most recent call last):
  File "get_pmid.py", line 71, in <module>
    job_has_pmid.append(int(line))
ValueError: invalid literal for int() with base 10: '<?xml version="1.0" encoding="UTF-8" ?>'
200
Traceback (most recent call last):
  File "get_pmid.py", line 71, in <module>
    job_has_pmid.append(int(line))
ValueError: invalid literal for int() with base 10: '<?xml version="1.0" encoding="UTF-8" ?>'
200
Traceback (most recent call last):
  File "get_pmid.py", line 71, in <module>
    job_has_pmid.append(int(line))
ValueError: invalid literal for int() with base 10: '<?xml version="1.0" encoding="UTF-8" ?>'
200
Traceback (most recent call last):
  File "get_pmid.py", line 71, in <module>
    job_has_pmid.append(int(line))
ValueError: invalid literal for int() with base 10: '<?xml version="1.0" encoding="UTF-8" ?>'
200
Traceback (most recent call last):
  File "get_pmid.py", line 71, in <module>
    job_has_pmid.append(int(line))
ValueError: invalid literal for int() with base 10: '<?xml version="1.0" encoding="UTF-8" ?>'
200
Traceback (most recent call last):
  File "get_pmid.py", line 71, in <module>
    job_has_pmid.append(int(line))
ValueError: invalid literal for int() with base 10: '<?xml version="1.0" encoding="UTF-8" ?>'
200
Traceback (most recent call last):
  File "get_pmid.py", line 71, in <module>
    job_has_pmid.append(int(line))
ValueError: invalid literal for int() with base 10: '<?xml version="1.0" encoding="UTF-8" ?>'
200
Traceback (most recent call last):
  File "get_pmid.py", line 71, in <module>
    job_has_pmid.append(int(line))
ValueError: invalid literal for int() with base 10: '<?xml version="1.0" encoding="UTF-8" ?>'
200
Traceback (most recent call last):
  File "get_pmid.py", line 71, in <module>
    job_has_pmid.append(int(line))
ValueError: invalid literal for int() with base 10: '<?xml version="1.0" encoding="UTF-8" ?>'
200
Traceback (most recent call last):
  File "get_pmid.py", line 71, in <module>
    job_has_pmid.append(int(line))
ValueError: invalid literal for int() with base 10: '<?xml version="1.0" encoding="UTF-8" ?>'
200
Traceback (most recent call last):
  File "get_pmid.py", line 71, in <module>
    job_has_pmid.append(int(line))
ValueError: invalid literal for int() with base 10: '<?xml version="1.0" encoding="UTF-8" ?>'
200
Traceback (most recent call last):
  File "get_pmid.py", line 71, in <module>
    job_has_pmid.append(int(line))
ValueError: invalid literal for int() with base 10: '<?xml version="1.0" encoding="UTF-8" ?>'
200
Traceback (most recent call last):
  File "get_pmid.py", line 71, in <module>
    job_has_pmid.append(int(line))
ValueError: invalid literal for int() with base 10: '<?xml version="1.0" encoding="UTF-8" ?>'
200
Traceback (most recent call last):
  File "get_pmid.py", line 71, in <module>
    job_has_pmid.append(int(line))
ValueError: invalid literal for int() with base 10: '<?xml version="1.0" encoding="UTF-8" ?>'
200
Traceback (most recent call last):
  File "get_pmid.py", line 71, in <module>
    job_has_pmid.append(int(line))
ValueError: invalid literal for int() with base 10: '<?xml version="1.0" encoding="UTF-8" ?>'
200
Traceback (most recent call last):
  File "get_pmid.py", line 71, in <module>
    job_has_pmid.append(int(line))
ValueError: invalid literal for int() with base 10: '<?xml version="1.0" encoding="UTF-8" ?>'
200
Traceback (most recent call last):
  File "get_pmid.py", line 71, in <module>
    job_has_pmid.append(int(line))
ValueError: invalid literal for int() with base 10: '<?xml version="1.0" encoding="UTF-8" ?>'
200
Traceback (most recent call last):
  File "get_pmid.py", line 71, in <module>
    job_has_pmid.append(int(line))
ValueError: invalid literal for int() with base 10: '<?xml version="1.0" encoding="UTF-8" ?>'
200
Traceback (most recent call last):
  File "get_pmid.py", line 71, in <module>
    job_has_pmid.append(int(line))
ValueError: invalid literal for int() with base 10: '<?xml version="1.0" encoding="UTF-8" ?>'
200
Traceback (most recent call last):
  File "get_pmid.py", line 71, in <module>
    job_has_pmid.append(int(line))
ValueError: invalid literal for int() with base 10: '<?xml version="1.0" encoding="UTF-8" ?>'
200
Traceback (most recent call last):
  File "get_pmid.py", line 71, in <module>
    job_has_pmid.append(int(line))
ValueError: invalid literal for int() with base 10: '<?xml version="1.0" encoding="UTF-8" ?>'
200
Traceback (most recent call last):
  File "get_pmid.py", line 71, in <module>
    job_has_pmid.append(int(line))
ValueError: invalid literal for int() with base 10: '<?xml version="1.0" encoding="UTF-8" ?>'
200
Traceback (most recent call last):
  File "get_pmid.py", line 71, in <module>
    job_has_pmid.append(int(line))
ValueError: invalid literal for int() with base 10: '<?xml version="1.0" encoding="UTF-8" ?>'
200
Traceback (most recent call last):
  File "get_pmid.py", line 71, in <module>
    job_has_pmid.append(int(line))
ValueError: invalid literal for int() with base 10: '<?xml version="1.0" encoding="UTF-8" ?>'
200
36
1
200
3
1
200
11
1
200
Traceback (most recent call last):
  File "get_pmid.py", line 71, in <module>
    job_has_pmid.append(int(line))
ValueError: invalid literal for int() with base 10: '<?xml version="1.0" encoding="UTF-8" ?>'
200
Traceback (most recent call last):
  File "get_pmid.py", line 71, in <module>
    job_has_pmid.append(int(line))
ValueError: invalid literal for int() with base 10: '<?xml version="1.0" encoding="UTF-8" ?>'
200
Traceback (most recent call last):
  File "get_pmid.py", line 71, in <module>
    job_has_pmid.append(int(line))
ValueError: invalid literal for int() with base 10: '<?xml version="1.0" encoding="UTF-8" ?>'
200
Traceback (most recent call last):
  File "get_pmid.py", line 71, in <module>
    job_has_pmid.append(int(line))
ValueError: invalid literal for int() with base 10: '<?xml version="1.0" encoding="UTF-8" ?>'
200
Traceback (most recent call last):
  File "get_pmid.py", line 71, in <module>
    job_has_pmid.append(int(line))
ValueError: invalid literal for int() with base 10: '<?xml version="1.0" encoding="UTF-8" ?>'
200
Traceback (most recent call last):
  File "get_pmid.py", line 71, in <module>
    job_has_pmid.append(int(line))
ValueError: invalid literal for int() with base 10: '<?xml version="1.0" encoding="UTF-8" ?>'
200
Traceback (most recent call last):
  File "get_pmid.py", line 71, in <module>
    job_has_pmid.append(int(line))
ValueError: invalid literal for int() with base 10: '<?xml version="1.0" encoding="UTF-8" ?>'
200
Traceback (most recent call last):
  File "get_pmid.py", line 71, in <module>
    job_has_pmid.append(int(line))
ValueError: invalid literal for int() with base 10: '<?xml version="1.0" encoding="UTF-8" ?>'
200
Traceback (most recent call last):
  File "get_pmid.py", line 71, in <module>
    job_has_pmid.append(int(line))
ValueError: invalid literal for int() with base 10: '<?xml version="1.0" encoding="UTF-8" ?>'
200
200
Traceback (most recent call last):
  File "get_pmid.py", line 71, in <module>
    job_has_pmid.append(int(line))
ValueError: invalid literal for int() with base 10: '<?xml version="1.0" encoding="UTF-8" ?>'
Traceback (most recent call last):
  File "get_pmid.py", line 71, in <module>
    job_has_pmid.append(int(line))
ValueError: invalid literal for int() with base 10: '<?xml version="1.0" encoding="UTF-8" ?>'
200
Traceback (most recent call last):
  File "get_pmid.py", line 71, in <module>
    job_has_pmid.append(int(line))
ValueError: invalid literal for int() with base 10: '<?xml version="1.0" encoding="UTF-8" ?>'
200
Traceback (most recent call last):
  File "get_pmid.py", line 71, in <module>
    job_has_pmid.append(int(line))
ValueError: invalid literal for int() with base 10: '<?xml version="1.0" encoding="UTF-8" ?>'
200
Traceback (most recent call last):
  File "get_pmid.py", line 71, in <module>
    job_has_pmid.append(int(line))
ValueError: invalid literal for int() with base 10: '<?xml version="1.0" encoding="UTF-8" ?>'
200
Traceback (most recent call last):
  File "get_pmid.py", line 71, in <module>
    job_has_pmid.append(int(line))
ValueError: invalid literal for int() with base 10: '<?xml version="1.0" encoding="UTF-8" ?>'
200
Traceback (most recent call last):
  File "get_pmid.py", line 71, in <module>
    job_has_pmid.append(int(line))
ValueError: invalid literal for int() with base 10: '<?xml version="1.0" encoding="UTF-8" ?>'
200
Traceback (most recent call last):
  File "get_pmid.py", line 71, in <module>
    job_has_pmid.append(int(line))
ValueError: invalid literal for int() with base 10: '<?xml version="1.0" encoding="UTF-8" ?>'
200
Traceback (most recent call last):
  File "get_pmid.py", line 71, in <module>
    job_has_pmid.append(int(line))
ValueError: invalid literal for int() with base 10: '<?xml version="1.0" encoding="UTF-8" ?>'
200
Traceback (most recent call last):
  File "get_pmid.py", line 71, in <module>
    job_has_pmid.append(int(line))
ValueError: invalid literal for int() with base 10: '<?xml version="1.0" encoding="UTF-8" ?>'
200
Traceback (most recent call last):
  File "get_pmid.py", line 71, in <module>
    job_has_pmid.append(int(line))
ValueError: invalid literal for int() with base 10: '<?xml version="1.0" encoding="UTF-8" ?>'
200
Traceback (most recent call last):
  File "get_pmid.py", line 71, in <module>
    job_has_pmid.append(int(line))
ValueError: invalid literal for int() with base 10: '<?xml version="1.0" encoding="UTF-8" ?>'
200
Traceback (most recent call last):
  File "get_pmid.py", line 71, in <module>
    job_has_pmid.append(int(line))
ValueError: invalid literal for int() with base 10: '<?xml version="1.0" encoding="UTF-8" ?>'
200
Traceback (most recent call last):
  File "get_pmid.py", line 71, in <module>
    job_has_pmid.append(int(line))
ValueError: invalid literal for int() with base 10: '<?xml version="1.0" encoding="UTF-8" ?>'
200
Traceback (most recent call last):
  File "get_pmid.py", line 71, in <module>
    job_has_pmid.append(int(line))
ValueError: invalid literal for int() with base 10: '<?xml version="1.0" encoding="UTF-8" ?>'
200
Traceback (most recent call last):
  File "get_pmid.py", line 71, in <module>
    job_has_pmid.append(int(line))
ValueError: invalid literal for int() with base 10: '<?xml version="1.0" encoding="UTF-8" ?>'
200
Traceback (most recent call last):
  File "get_pmid.py", line 71, in <module>
    job_has_pmid.append(int(line))
ValueError: invalid literal for int() with base 10: '<?xml version="1.0" encoding="UTF-8" ?>'
200
Traceback (most recent call last):
  File "get_pmid.py", line 71, in <module>
    job_has_pmid.append(int(line))
ValueError: invalid literal for int() with base 10: '<?xml version="1.0" encoding="UTF-8" ?>'
200
Traceback (most recent call last):
  File "get_pmid.py", line 71, in <module>
    job_has_pmid.append(int(line))
ValueError: invalid literal for int() with base 10: '<?xml version="1.0" encoding="UTF-8" ?>'
200
Traceback (most recent call last):
  File "get_pmid.py", line 71, in <module>
    job_has_pmid.append(int(line))
ValueError: invalid literal for int() with base 10: '<?xml version="1.0" encoding="UTF-8" ?>'
200
Traceback (most recent call last):
  File "get_pmid.py", line 71, in <module>
    job_has_pmid.append(int(line))
ValueError: invalid literal for int() with base 10: '<?xml version="1.0" encoding="UTF-8" ?>'
200
Traceback (most recent call last):
  File "get_pmid.py", line 71, in <module>
    job_has_pmid.append(int(line))
ValueError: invalid literal for int() with base 10: '<?xml version="1.0" encoding="UTF-8" ?>'
200
Traceback (most recent call last):
  File "get_pmid.py", line 71, in <module>
    job_has_pmid.append(int(line))
ValueError: invalid literal for int() with base 10: '<?xml version="1.0" encoding="UTF-8" ?>'
200
Traceback (most recent call last):
  File "get_pmid.py", line 71, in <module>
    job_has_pmid.append(int(line))
ValueError: invalid literal for int() with base 10: '<?xml version="1.0" encoding="UTF-8" ?>'
200
Traceback (most recent call last):
  File "get_pmid.py", line 71, in <module>
    job_has_pmid.append(int(line))
ValueError: invalid literal for int() with base 10: '<?xml version="1.0" encoding="UTF-8" ?>'
200
Traceback (most recent call last):
  File "get_pmid.py", line 71, in <module>
    job_has_pmid.append(int(line))
ValueError: invalid literal for int() with base 10: '<?xml version="1.0" encoding="UTF-8" ?>'
200
Traceback (most recent call last):
  File "get_pmid.py", line 71, in <module>
    job_has_pmid.append(int(line))
ValueError: invalid literal for int() with base 10: '<?xml version="1.0" encoding="UTF-8" ?>'
200
Traceback (most recent call last):
  File "get_pmid.py", line 71, in <module>
    job_has_pmid.append(int(line))
ValueError: invalid literal for int() with base 10: '<?xml version="1.0" encoding="UTF-8" ?>'
200
Traceback (most recent call last):
  File "get_pmid.py", line 71, in <module>
    job_has_pmid.append(int(line))
ValueError: invalid literal for int() with base 10: '<?xml version="1.0" encoding="UTF-8" ?>'
200
Traceback (most recent call last):
  File "get_pmid.py", line 71, in <module>
    job_has_pmid.append(int(line))
ValueError: invalid literal for int() with base 10: '<?xml version="1.0" encoding="UTF-8" ?>'
200
Traceback (most recent call last):
  File "get_pmid.py", line 71, in <module>
    job_has_pmid.append(int(line))
ValueError: invalid literal for int() with base 10: '<?xml version="1.0" encoding="UTF-8" ?>'
200
Traceback (most recent call last):
  File "get_pmid.py", line 71, in <module>
    job_has_pmid.append(int(line))
ValueError: invalid literal for int() with base 10: '<?xml version="1.0" encoding="UTF-8" ?>'
200
Traceback (most recent call last):
  File "get_pmid.py", line 71, in <module>
    job_has_pmid.append(int(line))
ValueError: invalid literal for int() with base 10: '<?xml version="1.0" encoding="UTF-8" ?>'
200
Traceback (most recent call last):
  File "get_pmid.py", line 71, in <module>
    job_has_pmid.append(int(line))
ValueError: invalid literal for int() with base 10: '<?xml version="1.0" encoding="UTF-8" ?>'
200
Traceback (most recent call last):
  File "get_pmid.py", line 71, in <module>
    job_has_pmid.append(int(line))
ValueError: invalid literal for int() with base 10: '<?xml version="1.0" encoding="UTF-8" ?>'
200
Traceback (most recent call last):
  File "get_pmid.py", line 71, in <module>
    job_has_pmid.append(int(line))
ValueError: invalid literal for int() with base 10: '<?xml version="1.0" encoding="UTF-8" ?>'
200
Traceback (most recent call last):
  File "get_pmid.py", line 71, in <module>
    job_has_pmid.append(int(line))
ValueError: invalid literal for int() with base 10: '<?xml version="1.0" encoding="UTF-8" ?>'
200
Traceback (most recent call last):
  File "get_pmid.py", line 71, in <module>
    job_has_pmid.append(int(line))
ValueError: invalid literal for int() with base 10: '<?xml version="1.0" encoding="UTF-8" ?>'
200
Traceback (most recent call last):
  File "get_pmid.py", line 71, in <module>
    job_has_pmid.append(int(line))
ValueError: invalid literal for int() with base 10: '<?xml version="1.0" encoding="UTF-8" ?>'
200
Traceback (most recent call last):
  File "get_pmid.py", line 71, in <module>
    job_has_pmid.append(int(line))
ValueError: invalid literal for int() with base 10: '<?xml version="1.0" encoding="UTF-8" ?>'
200
Traceback (most recent call last):
  File "get_pmid.py", line 71, in <module>
    job_has_pmid.append(int(line))
ValueError: invalid literal for int() with base 10: '<?xml version="1.0" encoding="UTF-8" ?>'
200
Traceback (most recent call last):
  File "get_pmid.py", line 71, in <module>
    job_has_pmid.append(int(line))
ValueError: invalid literal for int() with base 10: '<?xml version="1.0" encoding="UTF-8" ?>'
200
Traceback (most recent call last):
  File "get_pmid.py", line 71, in <module>
    job_has_pmid.append(int(line))
ValueError: invalid literal for int() with base 10: '<?xml version="1.0" encoding="UTF-8" ?>'
200
Traceback (most recent call last):
  File "get_pmid.py", line 71, in <module>
    job_has_pmid.append(int(line))
ValueError: invalid literal for int() with base 10: '<?xml version="1.0" encoding="UTF-8" ?>'
200
Traceback (most recent call last):
  File "get_pmid.py", line 71, in <module>
    job_has_pmid.append(int(line))
ValueError: invalid literal for int() with base 10: '<?xml version="1.0" encoding="UTF-8" ?>'
200
Traceback (most recent call last):
  File "get_pmid.py", line 71, in <module>
    job_has_pmid.append(int(line))
ValueError: invalid literal for int() with base 10: '<?xml version="1.0" encoding="UTF-8" ?>'
200
Traceback (most recent call last):
  File "get_pmid.py", line 71, in <module>
    job_has_pmid.append(int(line))
ValueError: invalid literal for int() with base 10: '<?xml version="1.0" encoding="UTF-8" ?>'
200
Traceback (most recent call last):
  File "get_pmid.py", line 71, in <module>
    job_has_pmid.append(int(line))
ValueError: invalid literal for int() with base 10: '<?xml version="1.0" encoding="UTF-8" ?>'
200
Traceback (most recent call last):
  File "get_pmid.py", line 71, in <module>
    job_has_pmid.append(int(line))
ValueError: invalid literal for int() with base 10: '<?xml version="1.0" encoding="UTF-8" ?>'
200
Traceback (most recent call last):
  File "get_pmid.py", line 71, in <module>
    job_has_pmid.append(int(line))
ValueError: invalid literal for int() with base 10: '<?xml version="1.0" encoding="UTF-8" ?>'
200
Traceback (most recent call last):
  File "get_pmid.py", line 71, in <module>
    job_has_pmid.append(int(line))
ValueError: invalid literal for int() with base 10: '<?xml version="1.0" encoding="UTF-8" ?>'
200
Traceback (most recent call last):
  File "get_pmid.py", line 71, in <module>
    job_has_pmid.append(int(line))
ValueError: invalid literal for int() with base 10: '<?xml version="1.0" encoding="UTF-8" ?>'
200
Traceback (most recent call last):
  File "get_pmid.py", line 71, in <module>
    job_has_pmid.append(int(line))
ValueError: invalid literal for int() with base 10: '<?xml version="1.0" encoding="UTF-8" ?>'
200
Traceback (most recent call last):
  File "get_pmid.py", line 71, in <module>
    job_has_pmid.append(int(line))
ValueError: invalid literal for int() with base 10: '<?xml version="1.0" encoding="UTF-8" ?>'
200
Traceback (most recent call last):
  File "get_pmid.py", line 71, in <module>
    job_has_pmid.append(int(line))
ValueError: invalid literal for int() with base 10: '<?xml version="1.0" encoding="UTF-8" ?>'
200
Traceback (most recent call last):
  File "get_pmid.py", line 71, in <module>
    job_has_pmid.append(int(line))
ValueError: invalid literal for int() with base 10: '<?xml version="1.0" encoding="UTF-8" ?>'
200
Traceback (most recent call last):
  File "get_pmid.py", line 71, in <module>
    job_has_pmid.append(int(line))
ValueError: invalid literal for int() with base 10: '<?xml version="1.0" encoding="UTF-8" ?>'
200
Traceback (most recent call last):
  File "get_pmid.py", line 71, in <module>
    job_has_pmid.append(int(line))
ValueError: invalid literal for int() with base 10: '<?xml version="1.0" encoding="UTF-8" ?>'
200
Traceback (most recent call last):
  File "get_pmid.py", line 71, in <module>
    job_has_pmid.append(int(line))
ValueError: invalid literal for int() with base 10: '<?xml version="1.0" encoding="UTF-8" ?>'
200
Traceback (most recent call last):
  File "get_pmid.py", line 71, in <module>
    job_has_pmid.append(int(line))
ValueError: invalid literal for int() with base 10: '<?xml version="1.0" encoding="UTF-8" ?>'
200
Traceback (most recent call last):
  File "get_pmid.py", line 71, in <module>
    job_has_pmid.append(int(line))
ValueError: invalid literal for int() with base 10: '<?xml version="1.0" encoding="UTF-8" ?>'
200
Traceback (most recent call last):
  File "get_pmid.py", line 71, in <module>
    job_has_pmid.append(int(line))
ValueError: invalid literal for int() with base 10: '<?xml version="1.0" encoding="UTF-8" ?>'
200
Traceback (most recent call last):
  File "get_pmid.py", line 71, in <module>
    job_has_pmid.append(int(line))
ValueError: invalid literal for int() with base 10: '<?xml version="1.0" encoding="UTF-8" ?>'
200
Traceback (most recent call last):
  File "get_pmid.py", line 71, in <module>
    job_has_pmid.append(int(line))
ValueError: invalid literal for int() with base 10: '<?xml version="1.0" encoding="UTF-8" ?>'
200
Traceback (most recent call last):
  File "get_pmid.py", line 71, in <module>
    job_has_pmid.append(int(line))
ValueError: invalid literal for int() with base 10: '<?xml version="1.0" encoding="UTF-8" ?>'
200
Traceback (most recent call last):
  File "get_pmid.py", line 71, in <module>
    job_has_pmid.append(int(line))
ValueError: invalid literal for int() with base 10: '<?xml version="1.0" encoding="UTF-8" ?>'
200
Traceback (most recent call last):
  File "get_pmid.py", line 71, in <module>
    job_has_pmid.append(int(line))
ValueError: invalid literal for int() with base 10: '<?xml version="1.0" encoding="UTF-8" ?>'
200
Traceback (most recent call last):
  File "get_pmid.py", line 71, in <module>
    job_has_pmid.append(int(line))
ValueError: invalid literal for int() with base 10: '<?xml version="1.0" encoding="UTF-8" ?>'
200
Traceback (most recent call last):
  File "get_pmid.py", line 71, in <module>
    job_has_pmid.append(int(line))
ValueError: invalid literal for int() with base 10: '<?xml version="1.0" encoding="UTF-8" ?>'
200
Traceback (most recent call last):
  File "get_pmid.py", line 71, in <module>
    job_has_pmid.append(int(line))
ValueError: invalid literal for int() with base 10: '<?xml version="1.0" encoding="UTF-8" ?>'
200
Traceback (most recent call last):
  File "get_pmid.py", line 71, in <module>
    job_has_pmid.append(int(line))
ValueError: invalid literal for int() with base 10: '<?xml version="1.0" encoding="UTF-8" ?>'
